# Created by Octave 3.8.1, Fri Aug 14 21:54:24 2015 EEST <ilij@vostro>
# name: nn_lsizes
# type: matrix
# rows: 1
# columns: 4
 16 50 50 16


# name: nn_params
# type: matrix
# rows: 4216
# columns: 1
 9.207533788479068
 3.49809267581023
 9.585078615674313
 10.47052946742878
 -0.3545170239767078
 4.619484081118135
 3.293970437068683
 4.648637347689787
 -3.837122056842762
 4.068850179213602
 -11.92434594240404
 4.126130271911969
 -5.141088048435558
 12.45976609819515
 3.296055567640426
 3.77526010601661
 5.471461828341439
 -2.963773133707935
 -9.426074727772955
 -8.796839217714936
 -9.381808431516024
 -8.780039085118048
 11.93472768066976
 3.493483287386002
 -4.121417561763387
 -0.7221224592922677
 -3.336536490775254
 4.221123752337816
 9.586100792475994
 3.067318138835739
 3.070861394359595
 12.5564524022737
 -5.035888502953303
 8.793359301979814
 -13.18216359854283
 -3.131124832835833
 4.620560441061602
 -2.800825767042183
 -13.02189281334019
 -2.685233337479169
 -11.38399750905313
 -2.716599765960193
 5.370668694689897
 3.471829023008012
 -3.449657705029883
 5.495310874420733
 9.172728566302784
 -11.98675594824312
 2.848451483227092
 -3.402811727939667
 -0.01434960294251618
 0.002479104375643031
 -2.857437383521591
 -0.01866925733389258
 -0.449241279846025
 -3.085165339788787
 0.1344369301858761
 -0.0005750215309723781
 2.787901148954165
 0.00244138679352167
 -0.003043447212954595
 -0.0005512377959721412
 0.01830666203320723
 -3.672601571547352
 0.1343231947011243
 -2.753611293260653
 -0.00418159665904878
 -0.06383447124924387
 -0.01684556527153966
 0.007451897795732449
 0.01096359072664332
 0.006966414286351356
 -0.0193056332627063
 0.3218267765418165
 0.004888723878288026
 1.674559881548349
 -0.1281185862026958
 -0.0007186466074036128
 -2.857676983522377
 -0.04282264058586746
 0.06913637521162042
 0.01737475338486712
 3.651565338530605
 0.0006132192055877855
 -0.004351697839056375
 0.05517981594126876
 -0.04962857375968874
 -0.06700426533429789
 -0.05110131243232897
 0.02701534198524284
 -0.01892695559191698
 -0.06951549056813316
 0.03827993895447647
 0.3231891206379351
 0.001318757459415139
 -0.007100975374812837
 -0.01372213360546043
 3.349316506572775
 -0.02853705533705508
 -0.325271616948036
 0.01663732614826845
 -2.471424546148187
 -2.815905763117823
 -0.01925663683106761
 0.3321432825423359
 -3.097455527777685
 0.1305838410409885
 0.001240889785479184
 2.767422507944114
 -2.798286026182217
 -0.05446067333919868
 -2.820371584016461
 -0.01434602245463268
 0.1574593502580518
 0.1304079980616458
 -2.727481699597984
 0.03148862498745041
 -0.08683449667565178
 -0.02857148173561929
 2.466967758769929
 -0.0234162513955312
 2.463187952007198
 0.02068817829976131
 -2.693645652180759
 -0.05744597258056943
 -0.5542784174504709
 -0.1234438136381277
 0.05919192445164074
 -2.816151860004365
 -0.0461115086922979
 0.08067278153088281
 0.02395320115096254
 -0.2169409292597503
 -2.484589982537544
 -0.02839287984980839
 0.05412593402193337
 0.06060339806582132
 -0.108101139221403
 -0.006577690974118504
 0.05615091718544537
 3.303908952815426
 -0.1183778010527655
 0.03105340132210671
 -2.685272653930946
 2.466271770236287
 -0.02102951928267727
 0.01720420048286242
 3.430230313615426
 -0.04405928609400549
 2.669433857456657
 -0.000903239110566383
 -2.412384995649048
 -0.01886813755812541
 -2.954201423675339
 -0.5692927990167814
 -3.09816203788581
 -0.0614796974323006
 0.002726161358531461
 -0.08702906965061223
 0.1043954059408164
 0.008291169606054175
 0.1017880582349606
 -0.03759904315747888
 -3.618392762467619
 -0.06158171028563827
 0.0901142618233573
 -0.01611854224356555
 2.404643562089313
 2.719620084250143
 0.05158851056568829
 -0.005301214536160359
 0.05148914203511243
 0.009563617086720754
 -0.05317139592340431
 2.835832446580242
 0.3745864705121684
 0.0492841397627416
 -2.895344801461044
 -0.01889430421056169
 0.06504670486677097
 -2.476821586112966
 0.01755573443238838
 3.621001948339284
 -0.03809324425128839
 0.00219764279110724
 -0.07959947013396029
 0.1065050358713176
 2.347098468541091
 -0.02218284062287157
 -0.1248741415596842
 3.337002121656767
 2.316956616483067
 0.003669519737891975
 -0.05226197606103807
 2.392190498823745
 -0.001305956681824575
 -0.0001818009505840383
 3.420657479328276
 0.0845543793082166
 0.04083743086945538
 0.01832946438017635
 -2.498035180935685
 0.05147920372916669
 -2.988011191621516
 -0.02539856651300633
 0.007692689009818708
 -0.07661459093335229
 -0.0177736682551374
 -0.05802207245805628
 -2.830834641707665
 0.02590895471590772
 -2.853443216198817
 -0.04915726828102971
 0.02180761658996292
 -0.07668525433249263
 0.06448626991500012
 0.004506874250452268
 -0.3474583466062392
 2.748100708268368
 2.467873090231506
 0.002143891142869432
 2.463719528715483
 0.0357085692510942
 0.1858416054161493
 2.815884667600872
 -0.1637328806240807
 0.09231869413856628
 -2.866949733064438
 0.05145128243918729
 0.1827495939319896
 0.3592792550164759
 0.07693173332697487
 -0.02830621469180254
 -2.461567969421454
 -0.02853957322552498
 -0.1689002191134524
 -0.04108642292245315
 -0.3529554263401181
 -0.02070302841431143
 -0.181951530927347
 3.281569320248991
 -0.3546027540770818
 -0.0582936079353223
 0.1868416806060866
 2.477662257497171
 0.009046384019668641
 0.01892818343184901
 -0.009211767387481104
 0.1908415263048639
 -0.18155810269196
 0.006976198950366303
 0.02842652964699041
 0.06473774027406111
 -0.01328953610148152
 -0.3163672890689957
 -3.070894989764281
 0.01503427509124412
 -3.047209187418066
 -0.149437740178693
 0.005466570562742551
 3.377215705040495
 0.002283277510682937
 0.01260184506563539
 -3.688787107688154
 0.01485121976111934
 0.1471808056295979
 0.01833563660890263
 -0.0383085151745115
 -0.02274834613537446
 0.003098929846453321
 -0.01934801681150307
 0.002654867173562931
 0.02039444968242271
 -2.855489182385808
 -0.04327414448979267
 0.5072847430459886
 -0.02388456503102488
 0.03408444728520458
 0.06471139345753832
 -0.00878475507100758
 0.0205537280221389
 0.02817653467294671
 3.588042375512411
 -0.01274726526270486
 -0.01627257614147048
 -0.00173372577200394
 -0.0297764639080225
 -0.04689586003622377
 3.752332728918829
 -0.01738353787841336
 -0.04609848745890877
 -0.05347034272709265
 0.05482905376204356
 -2.847551641695563
 -0.03033194395748916
 -3.794963277643203
 0.007773865001589643
 3.424221485449585
 -0.001417833209344999
 2.812104931474872
 -0.01224345308647658
 -2.399594921947144
 -2.727485579066449
 -0.01056874463137418
 -0.4350938498509989
 0.09591563776532867
 0.1734276680524532
 -3.171429157718423
 2.789741931348232
 -2.792457455732339
 3.385786209658507
 -2.814612162583754
 -0.07238608703214203
 -3.590438715812238
 0.1732813482665917
 -2.754509487118396
 0.02209032987930446
 -0.1724696457933727
 -0.006184496487050628
 2.49354310661352
 0.01348071298395881
 2.489458409945935
 -3.425439976032723
 -2.486962881103647
 -0.032362768782814
 0.8643102455185534
 -0.1512607507160751
 0.02480905272914502
 -2.72772936604986
 0.00791100549571234
 0.1801194954133803
 -0.03364839631056231
 3.681023082428768
 -2.496172301388742
 -0.02793737436583937
 0.01027425204664657
 -3.122940203106905
 -0.1825886521047602
 3.78780403087575
 -0.005922015765625266
 3.320910656130398
 -0.1884552994942574
 0.05959849243833863
 -2.478892730766826
 2.388404667096669
 -3.74292096819209
 -0.01157376773061338
 -0.02941462678889752
 0.01728830688193408
 2.462125001608434
 0.01031001587499563
 -0.02759332425511954
 0.05425905107871226
 -2.937951572280192
 -0.3878414035854321
 -3.149639624495044
 -0.007601311085258582
 -3.12830063754159
 -0.06111014677054248
 -2.849814413587577
 3.449586795421519
 -2.872949503014201
 -0.02858828128011434
 -3.583758929888988
 -0.00767992591786199
 0.05963617304056843
 -3.71217982183847
 2.11264753371929
 2.684975397613719
 2.458116675836817
 -0.01221512530525763
 2.453854657437056
 -3.368458491637819
 0.1633749847296071
 2.891918300262606
 0.4475607761640674
 0.003841621347174842
 -2.945218360033365
 0.05422580023357915
 0.1638316458140835
 -2.183070796942198
 0.05846253408742379
 3.542541926961575
 -2.454903757302349
 3.806060430825369
 -0.1639694397388671
 -3.032912008805596
 2.053872622611052
 -0.02393303483872941
 -0.2112440046472056
 -0.224330164761382
 2.02336890178719
 0.05988227246537921
 0.1646059827200463
 0.01494421188230085
 0.04443794219466122
 0.01128271319842445
 3.378235958475296
 0.1847199657144111
 -0.1847258007485703
 -0.01069302134476997
 -2.431243883895445
 0.01926509017030233
 -0.009006875330029702
 -0.03617488104613666
 0.05410572313752573
 -0.005897589499084871
 -0.01952795719652839
 -0.0311228110050417
 -2.810017718900579
 -0.03189002721089686
 -2.832335204997499
 -0.07028580759021047
 0.1025746417479494
 -0.005981231870537596
 0.03607330359599322
 -3.758283692206854
 2.355362417081263
 -0.03426628496423723
 2.474861915719223
 0.006412352485122279
 2.470910880087113
 -3.4279354082971
 0.07650718112092467
 -0.02370364734097859
 -0.6704727382158739
 -0.002556127861016894
 0.02312717886622301
 0.01923011593845856
 0.02753638364336282
 -2.424707749708551
 -0.002898713529582842
 -0.08587983435860848
 -2.496530713937815
 3.78155614316548
 -0.02937060296940397
 -3.111886458279631
 2.289680208987901
 -0.02192160741531175
 -0.05881087316027447
 3.357300318820459
 2.256812639801285
 -0.01419450902169963
 0.07810142185467944
 2.415799831038866
 0.01746527087511526
 -0.01001970368074388
 -0.01718201936316236
 0.04068223074203922
 -0.08346862836120779
 -2.549956109433546
 0.004788279617584696
 -2.761769447818585
 -0.0184736459122321
 0.09586154087187534
 -3.107169682165846
 -2.659983988936237
 -3.088348887377971
 2.747548292093707
 0.004731140225788501
 3.404813477916702
 0.001364028825117363
 -0.1080511123423426
 0.03384682954411941
 -2.660727227350935
 -2.706188314537364
 0.01889916428754546
 0.03018023917011019
 -0.01846930736202449
 -0.009824858296427751
 2.603371200137007
 -0.01038515262727316
 0.03464062923372974
 0.08415370965340506
 -0.02238633913179146
 -0.366044518957284
 2.703983217633312
 0.02697570682808834
 -2.762005985646402
 0.08862712040255309
 0.003395255216348109
 0.146547231876733
 -0.09855818650122082
 0.01853757643497321
 -0.02289641669089392
 -0.06129461716254005
 0.006626905926575624
 0.02201026161971539
 -0.01233934605547441
 -0.1001748559341188
 -0.02740904854970988
 0.02056435190594705
 -3.544255502243981
 0.08595999187065391
 -0.006576421570532609
 0.04618829498122372
 -2.540915911573771
 3.425969577106134
 0.11103066663267
 -0.07067517606154651
 -2.540114553144881
 -2.442702821066043
 -2.746006401509123
 -0.00624896436976158
 0.7563218023315501
 -3.139462556616774
 -2.365752343978391
 0.06548439834727986
 2.704288553675132
 0.08645761934910735
 -0.08708131332751469
 0.08203715716429373
 3.588389877618198
 0.03061849049174309
 -2.366539530855487
 -2.664592661142359
 0.05502362991716424
 0.009309866180891255
 -0.0292958923418065
 0.008138620718817232
 2.598979890598301
 0.007578288302270367
 -3.408214863188085
 0.2117088236452081
 -0.04238289546738352
 -0.1721120133789248
 2.393412426011982
 0.03869770175654663
 -2.746253813714715
 0.1843911908394935
 0.0001635737939956881
 -3.654469104431406
 -0.07835336185686687
 -0.007409521617700766
 -0.01618185815853464
 -0.1652191661022915
 -3.156011016144447
 -0.000777743305267813
 3.741880084714131
 -0.2020752406921565
 3.368056235921433
 -0.005504996839169325
 -3.646343169666719
 0.2136534508975366
 2.428089700066894
 -3.844250903414969
 -2.530691515345316
 3.387357594362579
 0.2029067828526617
 -0.2136002138933983
 -2.534153054146719
 -2.433363756708804
 0.01200484139052839
 -2.983930080521246
 0.3766589986756342
 -3.130660329747376
 0.2128313182074698
 -3.087248325600524
 -0.1078602965759442
 0.06492520551848903
 3.365443409971284
 0.0600354714698935
 3.661796708493614
 0.02328942664720095
 0.2126357169076723
 0.1005857349507793
 -3.844279506592341
 -0.1885413956568704
 2.733384759435725
 -0.02269040396392139
 2.58530632586527
 -0.02336900571914658
 0.06545910826298144
 -0.01880540107260955
 2.808003742308246
 -0.1816953627981695
 -0.221461014860397
 -2.865575753567891
 0.01197433309861053
 -2.226634535831904
 0.1681964671061247
 -3.57917320617022
 -0.09001025707495065
 0.02822881081606978
 3.766175384677533
 2.232409882461054
 0.0643321055363979
 -0.2060127866494964
 -0.0301864519443246
 2.061909766279276
 3.30948218539328
 -0.215772333874927
 -3.517825122839619
 -0.01793726243425989
 2.404853410165783
 0.07888524769715065
 -2.524832534225505
 3.446251399776659
 -2.143921603562581
 0.01038168636362658
 -0.07193153353912386
 -2.426133967545225
 0.01131631708015126
 -2.96698476377371
 0.4180754827314881
 0.03701250772665301
 0.04534809008583426
 0.07238506038982655
 0.03584749764248208
 0.05982790835005086
 0.02039941501299414
 0.05634342434504336
 3.590783890530999
 0.05589909575605227
 0.04516642743074922
 -0.03064667218610025
 0.05170418379671549
 -0.07647493997394419
 2.734828272249447
 0.00259321972644072
 0.08184363667398638
 0.002096606377128477
 -3.379852340769148
 -0.03563483864402216
 2.82473466434615
 0.02569720445247962
 -0.03941371935521632
 -2.882293343647649
 0.01128097448145611
 -2.457776601271862
 0.07004821484457639
 -3.664386405649495
 -0.02685988127912038
 0.02184437009554756
 0.008975164473845765
 2.478804426530796
 -3.081660567783625
 -0.08998795730439219
 -0.02307298639586971
 2.309848618742774
 3.31412191504022
 -0.09838648908849902
 0.08167959480066905
 -0.0344396181087238
 2.398507812575684
 0.03385636860672524
 -0.07166966245993724
 0.00535973029418655
 -2.374781435145841
 0.03351858290845208
 -2.455417275798682
 -0.02965260955388431
 0.06814734160776498
 -0.01977678895346048
 -0.2213077922911895
 -0.03906030622236797
 0.3187761980025536
 -3.118990820720921
 -0.01605165124280045
 -0.02303898765723751
 3.34713254695972
 -0.02625124382781728
 -0.0004834594260359595
 0.06481461079314726
 0.3186633732748089
 0.01124719907674746
 0.01544154531969011
 0.03139013944884074
 -0.02370433303634042
 -0.02207648080667767
 2.503350399354164
 -0.0226275235428584
 0.0514480875863728
 0.1302951235176463
 0.008225053427540813
 -0.2982665339947246
 -0.3362123778551966
 -0.01943278436807822
 0.06811394608833758
 0.1457522830656069
 -0.05078526800120538
 0.04071032859484666
 -0.0778961994713856
 0.01237545018384369
 -0.005236783194315186
 -0.1584471792594468
 -0.04261930360076437
 0.02219426155517086
 3.765272366102113
 -0.1674163472039852
 -0.05677751920064471
 0.01839460688988213
 -3.686805133335273
 0.1317356417721197
 0.0260857749419122
 -3.767657785334565
 -2.445973456114027
 -0.01087630151021107
 0.1496538417802681
 -0.1494992802387561
 -0.06670714949845521
 0.01835269058825378
 0.06506100138716855
 -0.004146004015486748
 1.209675828660236
 0.08477873295764657
 -2.672434931941824
 -3.131022143836601
 -0.04820467957652345
 -0.006779866406321801
 3.429323140861207
 -0.01074923452742391
 3.646570993976114
 0.006802206474776093
 -2.673205355346697
 0.05443112272629597
 0.07587670158641219
 0.04905900072195317
 -0.03129213005057643
 -0.01666348658824215
 0.06536070884351526
 -0.0174851320972248
 -3.406128637959761
 0.07169093284231808
 0.008900407464111209
 -0.2099110995038455
 2.694111905223972
 -0.00343456875836515
 0.06503084186065367
 0.04032134133308502
 -0.0302982560991556
 -3.625917350937726
 -0.02860070968576364
 0.02328878936105175
 -0.01347789335569255
 -0.02828835554801744
 -3.056559496834446
 0.04526570271615266
 3.754186809350865
 -0.07741412193436266
 -0.03349523155099172
 0.04280608313262466
 0.1741845322177907
 0.07329105433645258
 -0.02250636222068423
 -3.731733569926695
 -0.06638317354924621
 0.01877329773474771
 0.06347133588056739
 -0.06831376582370255
 -2.530066452230353
 -0.00832324885394007
 0.03527191142098871
 0.0007448217865112136
 -0.9436009203191443
 -0.02831446801557493
 0.01271267206707563
 -3.125300023441468
 -0.01515091678402694
 0.01626385400707207
 3.369439083666879
 0.01203860128078089
 -0.2200335308906498
 -0.0260004473904866
 0.01257744541335634
 0.01030715355200963
 -3.70445271826343
 -0.04248213612012532
 -0.03323899323246438
 -0.02494079081054992
 2.593182415615542
 -0.02560914559501997
 -3.427319693203045
 -0.01724942297235983
 0.006995655149847708
 -0.1482971680557151
 -0.004438258928379324
 -0.008293533380099919
 0.03523383817319477
 -2.471187015929177
 0.05304809357209522
 0.1293254193572607
 0.01807419675063726
 0.03022478016484853
 3.790453726034856
 2.492994870029951
 -3.10316302919018
 -0.05338267915094771
 -0.04858164635884206
 2.323529760807051
 -0.04347298484763177
 -0.05769089116119493
 -3.587699945634125
 -0.01623020314435634
 0.002665690125626056
 0.05718392043022623
 -2.520924389229648
 -0.05787588278163015
 -2.386225987607323
 0.01804408993068762
 0.001997430147564247
 -0.035471734620473
 0.003428652734011714
 -0.001084120086592588
 0.9549909569838362
 -0.04921412350225183
 0.2020020764478759
 -0.02144892385525475
 0.01735131910007321
 0.03244372439804116
 0.004019546612054265
 0.02831090759787298
 3.698906187254267
 0.009806248224022819
 0.2018704314532032
 -0.01711426937168553
 -3.757385977347321
 -0.09471687110544809
 -0.03732471367129278
 0.002110137166538387
 -0.007183016364353544
 0.001660954514208077
 -3.437306041304708
 -0.05466841141942126
 0.01734326536367393
 0.319917034030639
 -0.2089595496944802
 -0.02187414600985751
 0.003401182150899886
 0.203567417898336
 0.06133397228673532
 -3.774148374161743
 -0.003745986710479025
 -0.002331506824029955
 3.787222154946053
 -0.2157325786502075
 -3.146605352645143
 -0.1045924279087426
 0.009102121365838387
 -0.235459383662238
 -0.07183634745429392
 -0.1120077510988641
 -0.02333080248727771
 -0.05355653184533894
 0.03568268591492798
 0.02485645760553057
 0.002746369798113232
 -0.02606673335513734
 0.2112914285804888
 0.03846000533658344
 12.61658839961116
 3.353667839500132
 7.118191338677247
 -3.586866160440751
 -0.352648677806881
 -0.7116169099721048
 -2.71629345030276
 0.3096271183409521
 -2.75253590963646
 2.610966771921198
 1.504674949157152
 -12.10311997842735
 -0.2025884101879198
 -2.374768329923269
 1.785843627220195
 -2.738143747278381
 3.201890632523301
 -1.169299750457067
 -3.596048526028468
 2.781453224511286
 2.972898939016627
 -1.072952904985802
 -0.9770068739036799
 -3.33399286806467
 -0.2953962067627235
 -2.842928169397676
 0.365190963616688
 1.304569976465532
 2.099448916757676
 -2.294499807378723
 -2.181524309001166
 -1.697338877239583
 -2.901470519040743
 2.096667803880078
 0.00498309388509159
 -3.081610692195161
 2.329196071256012
 3.246712646756455
 1.882184533437712
 -2.074542538854272
 -0.7587533330347312
 -1.38368072175543
 -0.5755488510417528
 -2.57907675991025
 -2.438449231665926
 12.60268006399155
 0.6717487650882619
 -1.901236584213325
 0.596289834230738
 3.22663229515247
 0.01540475214331194
 0.03737314131312813
 -0.1086030376380329
 -0.01196754604165269
 0.3424238649644342
 -0.02706827401540016
 -0.009406016865195601
 0.1558495231153975
 -0.03931677552804135
 -3.047900789636429
 0.07436898925012923
 0.1063542631575348
 0.1756044479252306
 -0.01245160018935364
 0.1018758071676278
 -0.003031002588236515
 0.1496524053724279
 -0.144390222600318
 -0.01154993570143375
 -0.2086711233730529
 0.0253822230665313
 0.01547850008074822
 0.3721464085081227
 -0.04511531711820253
 2.966526237809091
 -0.006170805701438469
 -0.3344068688488214
 0.01595158685253371
 -3.02538487430566
 -0.03284488928769932
 0.002629537969513616
 -0.08186236148633694
 0.001211989751537938
 0.05276071829655924
 0.04632129077840447
 -0.1400944595135091
 -0.002890864916719582
 -0.1997189250396746
 -0.3253881984261626
 -0.04263622697469659
 0.06007363041772291
 -0.1349448834675065
 0.000802095554911959
 -0.01284994840185693
 -0.02644254769926176
 -0.01072027158789779
 -0.04243661189975595
 0.3332540352381566
 -0.03897450576029216
 0.1484043662796514
 -0.05078237421507468
 0.1001329996568491
 0.1607510694632551
 -0.1065222934309164
 0.1490677556392832
 -0.2333436428525404
 -0.05637979816038542
 0.06922760441564839
 -0.1792949130988352
 0.04103883023948138
 -0.07816369830417835
 -0.168628568191819
 0.1462481901911086
 0.01113365124339938
 0.2562261887788374
 0.0182031639295073
 -0.03137709749684601
 0.1480146008007688
 -0.1062359515557104
 -0.1144509723362636
 -0.03038638832178118
 0.1996585579015428
 0.1546829068336885
 0.1866089416698226
 -0.131486099027913
 -0.05453779043998686
 -0.1626149594115342
 -0.2452999054201291
 0.05339860883383193
 0.06649814907928341
 -0.2499711930201831
 -0.302663521671486
 0.02128558055547682
 -0.08821036528771355
 -0.2334889817940409
 0.01276946683354183
 0.2413498540503438
 -0.07913150863899253
 0.05528617947115284
 0.06058128213936802
 -3.913660778886833
 0.151372032072334
 0.2008574346240168
 -0.05828176030204885
 0.0703639087629082
 0.133520460420126
 3.903654401650925
 -0.06455474357666681
 3.90571162237827
 -0.03210590548005524
 -0.04907157543748451
 -0.008483502517297082
 -0.116952333571228
 -0.009793986482434154
 -0.05354006052451
 -0.07385547657709474
 -0.04038461473449987
 -0.2794253359811927
 0.04980742944749281
 0.1037234022824726
 -0.005682446749516206
 5.600550396759469
 -0.1311339977930559
 -0.04700191160291927
 0.06052087699607642
 -0.0234939160915816
 -0.02029388838119052
 0.2164705136732792
 -0.00952420146858075
 0.3374101686585228
 -0.1171807834998303
 -0.04262946731500906
 -0.03367359608170009
 0.3230306141719453
 -0.2019765330235206
 -0.03352324859373141
 0.04057296296371935
 -0.1249498911558854
 0.1190870541893245
 -0.1666502498216004
 0.09462547400750843
 -0.1236847117987103
 -0.01265289788582986
 -0.1152878058458949
 -0.006064031607702132
 -0.01037839047146828
 -0.1067795324582687
 -4.225260638556001
 -0.3308088707066778
 -0.1772085874762467
 0.02019172857696649
 0.2238174733680408
 -0.04009939095025305
 -0.04624859672353425
 -0.159710304149959
 -0.01905537495036104
 -0.03563047828750217
 0.3240429751106304
 -0.03294535691665833
 -0.02106361423946428
 -0.009880694597857032
 -0.04067132705125157
 -4.173993247722287
 0.07925569090153577
 0.4297208598838166
 2.905969312428193
 -0.01489737191599478
 -0.3267035672816243
 -0.4219636373098204
 0.03426719531060181
 -0.3407858946377091
 0.06794682428122621
 -0.2735041016801457
 0.0188649998606763
 -3.766649035549385
 0.0368834152019243
 -0.05183652383745264
 -0.2055229229520747
 0.07987135870679764
 0.3762262245231385
 0.03533474436787555
 0.04988897773477104
 0.4697278317751377
 -0.06264615465288159
 -0.1493012605099096
 -0.009219511360167515
 -0.4157601488224124
 -0.01275508776754106
 0.06553721021462654
 -0.03344042690995957
 -0.3928543500749286
 3.783502840358095
 0.04504538476016305
 0.01879111669263904
 0.04148806505103898
 0.0706026831161452
 0.3942791660259482
 0.1688768974582169
 0.06431247031377595
 -0.04752572226332463
 0.2379614833116944
 -0.1924664987422221
 0.02989693738568469
 -0.02070242133025717
 -0.02422835177633265
 -0.02742560907390349
 -0.2068755960357649
 -0.05200105931735233
 -0.2012742915102294
 -0.05346322110829656
 0.0351429717180024
 0.008220149613768516
 -0.08803072299844682
 0.004468962688940227
 0.3070165083466839
 -0.173972054583549
 0.04213756456043145
 -0.8660466958098331
 1.659426293700544
 0.2029712493546119
 1.554778815139052
 0.02417391046611719
 5.392339639980258e-05
 -0.002489916346929626
 0.0956367379284979
 0.008041880572004105
 -0.1017298666711334
 -0.01132718109223872
 0.00474482917196324
 0.9279761080447195
 -0.04419466632927378
 0.03038346624259444
 0.3294081668978988
 0.05075896172730176
 -0.2797765636057784
 0.04534873798219056
 -0.3097486241763058
 -0.03486193403532482
 0.2203494216103475
 0.02733858032612778
 -0.3298856624635722
 -0.09924981598616259
 0.01276080162217384
 0.009808399980368216
 0.002215818412250115
 0.1039945933823064
 0.3217791236367934
 -0.01450936668252241
 0.7320989694886566
 0.02019151546921225
 0.01087937332487037
 -0.003008638381472582
 0.01514550757089107
 0.03868962957223575
 0.03200853234838925
 -0.003015317678308095
 -0.004012564130015195
 -0.7325248340697254
 -0.001609589160763269
 -0.1026415544638471
 0.4626147983987861
 -0.01419719235360453
 0.01953928780188531
 -0.01180019637383978
 0.0396006237293569
 -0.2295154119508434
 -0.01806821002569086
 -0.04802135879871965
 -0.1877199179354357
 0.1724807302388889
 -0.09597730741279817
 -0.5580727627855523
 0.3522387955945494
 0.0002343765159083041
 0.1102025892906097
 0.008673471217732653
 -0.1413672031662242
 0.1415272783743455
 -0.01162058023484816
 0.2706365232387776
 -0.1001495811927584
 -0.04332406860179221
 0.04934551393549787
 0.2046371962936698
 -0.2728923265100791
 -0.01552832875680889
 -0.05834623198323732
 -0.03428902750509921
 0.1829327353042019
 6.012320752416703
 -0.2136110105379741
 -0.175142444808538
 0.01237300449770685
 -0.1066111091938362
 -0.03103734985476291
 0.1020434375684611
 0.2004901035443072
 -0.01730980031130967
 -0.213543872359246
 6.009781595069764
 -0.1872934689770345
 0.1440282881057489
 -0.03744103914170873
 -0.02066462681612873
 6.013967277104858
 0.103916306103752
 0.1587853845418652
 0.200716551555606
 0.1601586954161424
 -0.1419254746901605
 -0.0222061673819191
 0.03874287169471472
 -0.09330117332970346
 -0.03150539400847057
 -0.1301803896297379
 -0.149712957191394
 -0.02291801462136951
 0.1342301633803142
 -0.3283431650843955
 0.03775876064924209
 -0.3356431291790991
 0.0299500596360542
 0.3048217628074267
 -0.02494482884460271
 0.08701614547112228
 -0.01382554333884669
 -0.03919732545396995
 -0.1572539896842191
 -0.03115269838827206
 -0.17826810567061
 -4.089719879856285e-05
 -0.01132462982480332
 -0.107825581413251
 -0.1062454120127753
 -0.12843950121559
 -0.01957429009516952
 0.1318633358227786
 0.005983495128933165
 0.05680658644461719
 0.01474238828656226
 -0.06887012167465337
 -0.09344013261829738
 -0.008966827302231266
 0.006465802503786183
 0.03102993859845838
 0.03273431831546537
 0.06456254264095063
 -0.3364111694698522
 -3.728365374602046
 0.006509158356840905
 -0.03408941786810221
 -0.1496832650705659
 -0.02034350770664392
 -0.02647263764246675
 0.02012867407776463
 -0.008167788775068092
 0.0342834811433935
 3.727970031739227
 0.0372120312800459
 -0.04016661247613978
 0.3074430607146624
 0.09889056412588552
 0.06608349785055964
 -0.08259065233304251
 0.1953977831206773
 -0.1064250681081464
 0.1203164944069719
 -0.0734909105564051
 0.06875873414566686
 0.3464717288694072
 -0.06595389705882745
 -0.004863650191747861
 -0.04196215626906948
 0.2620671078239364
 0.1132877921287253
 0.2677998209233519
 -6.020014643284926
 0.1810550393548729
 -0.08262103558689313
 0.237639910758458
 -0.1411541684996668
 -0.01486401804798852
 0.1997846560549152
 0.1995408965263872
 -0.369639599923821
 0.1222319775178054
 -0.198748212247666
 -0.009091432963952213
 0.3496642099736526
 0.1217680673628782
 0.01073162664672904
 -0.1221753470520805
 0.2702016924963726
 -0.2712518962550188
 0.003229121296943661
 6.047448987202409
 -0.01235432664117936
 0.01582268679252101
 -0.3285384798643303
 0.1225550368871428
 -0.06569988087233819
 0.1822337329491509
 -0.0124973608360742
 0.1182119190401999
 0.1212515725752161
 -0.07464647833002076
 0.06878341087099914
 0.3269971363836972
 0.06898090772142028
 -6.019688910997153
 0.02435982613667814
 0.007937901009411373
 -0.1961366867345145
 -0.005827892956293407
 0.05212022147609539
 -0.297805845802238
 -0.04004744741559373
 0.2680464806117143
 -0.02473623224017998
 -0.1509779719285676
 0.03556889777433425
 5.55529880361474
 -4.22198206326185
 -0.06450422782142798
 0.1518512583555062
 -0.02989908539453367
 -0.02126255025113402
 -0.2299705992820286
 -0.005268073317110154
 -0.1918219698576849
 -0.1153533340326547
 -0.07750026570238472
 0.08956839325798559
 -0.09431880584195247
 -0.02649231802096283
 -0.02980679160030555
 -0.06573746641618429
 -0.0883069086001209
 -0.1168816734288833
 -0.07734241295270602
 -0.2374479163078892
 -0.2058104901544053
 -0.01410897352887451
 -0.0853681447452569
 0.06531907946583822
 -0.007861014198901499
 0.2206501442024145
 0.01973667607600062
 0.3786438200230714
 -0.09002074766844925
 -0.06320133212051671
 -0.2159902789172394
 -0.08767150653895926
 -0.04954663935469845
 -0.06904246690887883
 0.06231861352741086
 0.05718416790367618
 -0.3835246111156111
 0.06165930548527486
 -0.02276767976739451
 0.06022295153331487
 0.0407517556857554
 -0.04392747739158354
 -0.02736595081123718
 -0.181477732227176
 0.0799658474811043
 0.01105255878226478
 -0.009809626004148475
 0.3183819071425681
 -0.1152340098209716
 0.3175829901028474
 0.001959610283687469
 0.2890947826387081
 -0.01131232532200685
 0.02860157407340688
 -0.006511482652160495
 0.03907819068025478
 0.3847402597257168
 -0.02728492920717151
 -0.1048802084818717
 0.02114400593020498
 3.598222906264811
 -0.1717569229031755
 0.4312351550431772
 0.1112495451216611
 0.01263775473069032
 0.1966504354645046
 -3.552154076137492
 -0.1089959367781072
 0.0209705282167848
 -0.4530996362724892
 0.006087093331978175
 -0.004322143075452524
 0.05827251497175493
 -3.557211817101315
 -0.02814831309052417
 0.4604805945766057
 -0.3598682269044532
 0.1651855742228692
 0.01877060819729007
 0.05565272925356141
 0.3870588234603562
 3.602531302152768
 0.009309910513498469
 0.02240996527923792
 -0.04970886366257954
 -0.0356384900472983
 -0.1551533112998459
 -0.03486977584731395
 0.03883536471096426
 -0.07591378894955882
 -0.02906622327578437
 -0.2026556976016632
 0.02096472464116216
 -0.229803079659907
 -0.07708103602138522
 -0.05815480890346293
 0.5972574145709639
 -0.1898365730952809
 -0.3118569419850813
 -0.08734780136557192
 0.05127068380311851
 0.1554027436646194
 -0.1673936010891042
 0.01133812070161458
 -0.153654177608021
 -6.637159051798898
 -0.2648725864561772
 0.02132540134508245
 -0.6183792278871586
 -0.01140451770220689
 -0.009150610706498934
 -0.1988357457378372
 -0.1878538728110193
 0.1964855979682985
 -0.05360292996044318
 0.2257445528100266
 -0.03600029863997697
 -0.2909327038008703
 -0.1017614513301656
 -0.08170021892821887
 -0.04766730468773697
 -0.1475540367274226
 0.1183763282897629
 0.005975522186035609
 6.616071349490722
 0.06935765577373183
 -0.1032742965415258
 0.3412250916486939
 -0.1102721622467879
 0.07747385274378261
 -0.255162968902357
 -0.02106090115767306
 -0.06307371572886518
 -0.09619720708120566
 0.01708588797004305
 -0.09470715995747191
 -0.3456658941956103
 -0.09158489173920985
 -6.638009398284364
 0.06154015675710958
 0.0456730591707877
 -0.04207655326075564
 -0.03195807946409041
 -0.1802088429666072
 0.07911466002737411
 0.01439552927037372
 -0.01229226159023523
 0.3154955918486028
 -0.1132291778306033
 0.3137244126352716
 0.0002686644628487465
 0.2896302324248199
 -0.009371468329687181
 0.03043530329577187
 -0.004515699199729677
 0.03577741472819759
 0.38438152319077
 -0.03187844897921026
 -0.1022459753893533
 0.01839039196922702
 3.637920252251939
 -0.1703909877208944
 0.4327602968953949
 0.1094685222735325
 0.01599149449028163
 0.1955408335253756
 -3.5912198744928
 -0.1069801418141095
 0.02467977461131103
 -0.452928964825854
 0.004742996274952232
 -0.002301198499270559
 0.05688125004382537
 -3.596648552306186
 -0.02456724785169727
 0.4603918912596843
 -0.3609751168754075
 0.1634603340940257
 0.02249762762292051
 0.05290657817517646
 0.3866990027738665
 3.642405824864968
 0.01263992660942096
 0.02610759374085083
 -0.0515806657554185
 -0.03256956122200213
 -0.1533192490993093
 -0.03181358437559615
 0.03553637715732419
 0.01661173319389267
 -0.130300911680832
 -0.1107721495886561
 0.1597697817678258
 -0.2511969104818516
 -0.1299098209217596
 0.03132647839136624
 -0.1887186075306109
 6.097212401933007
 0.004001821315624385
 -0.3841421880681295
 -0.03245305754081231
 0.04991207564377882
 -0.01407418773233304
 0.1147887087230887
 0.01789202858101306
 0.01208211818778965
 0.03331663974401037
 0.1599754502119112
 0.1443746289105189
 0.02946105057199296
 0.1254936072491165
 -0.2183501904172721
 0.13267459086539
 -0.06135463529598716
 0.04349622142287896
 0.2675389284602087
 -0.07992362107800914
 0.02334437310697418
 -0.07164997875576976
 -0.1926546380822391
 -0.06530710251266901
 0.03174330967293937
 0.1290054908398667
 0.0169685656261236
 0.007853165127928078
 0.1934130462859688
 -0.02274555690225519
 0.3525931382807692
 -0.07651065708849158
 -0.07538464403948529
 0.04131699228085032
 0.07638470873393984
 0.01719337102725555
 -0.06845845318208091
 -8.424781901533276
 0.09675320975808517
 -0.3442147497563768
 0.09830717900418644
 0.01146662116289885
 -8.599506868823498
 0.1234822133950922
 -0.1838633894593447
 -0.05531715712332314
 -0.04719321566760423
 -0.1452079124926868
 0.04421950132858606
 -5.963226746453357
 0.2105594081904541
 -0.08277876010745913
 0.1042883326702007
 0.04174762894628325
 0.2489084170449841
 0.04415678357687818
 0.1238287847415262
 0.06974241342556917
 0.06664615519027851
 0.2383545334808521
 -0.05486060908891698
 -0.05551421759452642
 0.2074028951330576
 0.12736096087949
 -0.01257417062710947
 0.3567176132088836
 0.02470289425824004
 0.05512060568599961
 0.07938154751843739
 0.05740748303363914
 -0.05470653655601841
 -0.252233106349524
 -0.3790787771389564
 -0.002100561064339059
 0.08163472387142411
 0.3220061634250052
 0.1503939561953617
 -0.01896439136488539
 0.3876372553953458
 -0.1695526636647694
 0.06556292969868181
 -0.2687226809361774
 -0.006774604505149314
 0.2508959531635211
 0.03775374526780668
 0.03010475994678742
 -0.2414021278606437
 0.01644359796431959
 0.0553133362938125
 -0.04684764405525713
 0.05901155128166761
 0.06516841501501884
 -0.02218222723917321
 0.03866008479820963
 -0.09328480256072706
 -0.03142590815751212
 -0.130008862100304
 -0.1497884841857295
 -0.02287491577324681
 0.1341546779311668
 -0.3285626578731996
 0.03777902429747915
 -0.3358617568444721
 0.02997716255601836
 0.3049112278094057
 -0.02494248411864301
 0.08703293798928002
 -0.01382210615608329
 -0.0391232783542488
 -0.1570578346951432
 -0.03107322280862223
 -0.1782013473350846
 -0.0001028338076422708
 -0.01134947023506911
 -0.1076462031318548
 -0.1061068345284564
 -0.1284677397075797
 -0.01953090270605753
 0.1316898202789909
 0.005998728309941314
 0.0568273513025153
 0.01481759113046487
 -0.06886594237543207
 -0.09346075894535563
 -0.008963025336023691
 0.006442887219119419
 0.03103829119033269
 0.03265966105103711
 0.06455667601366934
 -0.3365266513193815
 -3.729427036207334
 0.006584522527098141
 -0.03417433844615569
 -0.149487056895657
 -0.02036273502943553
 -0.02642983435998823
 0.02020377279281586
 -0.008175709594506963
 0.03436272349006051
 3.729030905876712
 0.03729128149353213
 -0.04009253713629844
 0.01734919724231316
 0.04205032082344073
 -0.04820572439215561
 -0.02600043725377895
 -0.07261245917255905
 0.07038231240112296
 0.0268071027403581
 -0.2663190364832813
 -0.0266428876275523
 0.1208588626645372
 -0.04196112917339996
 -5.414217197023719
 4.135499482177305
 0.04394715059286358
 0.08616776909865538
 0.03612961771913062
 0.01593784534566111
 0.2040521287398161
 -0.02564871776267364
 0.2257135656946477
 0.08622077765050254
 0.09365222947359117
 -0.05708976792977707
 0.2392282963383151
 -0.1759840793164645
 0.02551906579187082
 0.08117955544747329
 0.04728333549635912
 0.1359282189193327
 0.06931928841988765
 0.1768931435943779
 -0.05303356574266813
 0.0323958338435318
 0.09784915756696294
 -0.01208622764951534
 -0.00199372029585839
 -0.1760225471308639
 0.02129698145785186
 -0.3431346236460881
 0.06136910548445992
 0.05472064377647235
 0.209150883317761
 0.0669907016619042
 0.02679940528600301
 0.07450413750269483
 -0.03568930068130833
 -0.0440337376105023
 0.3471472796186849
 -0.04110405218884461
 0.0150167913037599
 -0.08081836478844472
 0.09167509152734435
 -0.01683296975638054
 -0.09050962198405188
 0.4148013400178377
 -0.08370222028008914
 5.372544675010952
 -0.01391815689217852
 -0.408405747995051
 0.158994071261659
 -0.5560498156955053
 -0.0007314582646216473
 -0.2029468407973803
 -0.05262580059150239
 0.03382328721277657
 -0.04859157627471088
 -0.02546492173777794
 -0.1408925068349717
 -0.09041904218154417
 -0.07327403264391995
 -5.361190564641426
 0.05491258533548479
 0.4215343344799162
 -0.1111495310838336
 -0.1875509274476809
 5.373465247424067
 -0.4247054880720798
 -0.07196142186159875
 0.1637377665993356
 -0.1230514127106788
 -0.6190815965811038
 -0.05266499020155984
 -0.04677628021528821
 0.02452626622899182
 -0.05967328117679654
 0.0212597164888716
 0.6131101880254539
 0.2507378854452561
 0.3308734237507582
 -0.1252361739088326
 -0.03288437427343273
 -0.1380175176662842
 0.05372750041160951
 5.371557008552601
 -0.1216186925778588
 -0.06538903693977891
 0.02647276964673261
 -0.3323767618407508
 0.02687277756823916
 -0.025715527738645
 0.02856173908214226
 0.006963245638264581
 -0.1003430436610253
 0.01407190465562914
 0.1357883696051994
 -0.4337026725941625
 0.01384108281250259
 0.415875423586345
 -0.2219115326704156
 0.02149376589707677
 -0.1128006665721526
 -0.00697622170733751
 0.1845747970339212
 0.003191041492919213
 0.03293553859343511
 0.01179885810360293
 -0.004689810872747056
 0.1519072534783701
 0.01434917567744985
 -0.3971787823362565
 0.01530176313699716
 0.02175486723403829
 0.1531171460616493
 0.144017012146934
 -0.07342146829481959
 0.01659924135745026
 -0.132461098306267
 -0.01449834965335992
 0.0361438114922767
 -0.02384617277846107
 3.174218589983827
 -0.006388334159606343
 0.01574455300298575
 0.0347189450914115
 0.03751829058300167
 0.01421756551489523
 -3.173918077100763
 -0.1249995196711647
 0.10735189335676
 -0.02949810304573899
 -0.02103528442942516
 0.1582531343143008
 0.004341787578052086
 0.01088981922278752
 -0.02015386823745301
 0.03961490984971441
 0.0345941825373295
 -0.1028564406691763
 0.03668541588096363
 -0.005395543342678021
 0.03127781815739419
 0.05053607004708806
 3.528276075849506
 -0.06612219496027062
 -0.4527607017177136
 -2.81981821885692
 -0.01687593958147604
 0.3330069684506455
 0.3694309686392399
 -0.05751404611962784
 0.329264086307067
 -0.01524827333947802
 0.2593850312107858
 -0.02982563450148495
 3.610873239549901
 -0.02186775721315184
 0.0306734118196148
 0.1901324733633627
 -0.06584507841941686
 -0.3558354242612658
 -0.03498427043633553
 -0.03703918734039841
 -0.4402853191553079
 0.217825997890041
 -0.04829643447490162
 -0.0138674074738224
 0.4364346172023325
 -0.01284404037813769
 -0.04083327942685226
 0.014907537851863
 0.3237274470975739
 -3.64469046629097
 -0.01833185671991339
 -0.004733566731078827
 0.02202519966308966
 -0.05957521624074849
 -0.339121797849652
 -0.1396815507795975
 -0.03905004749286511
 0.008723966365815385
 -0.2333344297217974
 0.1957853372265933
 -0.05328105525456669
 -0.02028132490806568
 0.01894553106527265
 0.02778792477070569
 0.2115028531003875
 0.02766821034079538
 0.2132408129296257
 0.02991873728368076
 0.03426745396762862
 0.06308157540573507
 -0.05851148212385895
 -0.03659356447744231
 0.111838177670061
 -0.08073368644283205
 0.01711508691352281
 -0.1179159889342207
 -0.2407720273197738
 0.06563566116932949
 -0.1433162332655867
 0.01086329832971818
 -0.2691736348402937
 0.009837572571759061
 0.112661352813658
 0.02041985324390355
 0.02898073335160696
 -0.3516328809834195
 -0.03629676746538321
 -0.02618736947319407
 0.00513616437209296
 2.778555268143263
 0.1285810590431513
 -0.2663506917526436
 -0.1258865114428888
 0.02061310649610383
 -0.1029662225058189
 -2.748414683838709
 0.08235081617422856
 -0.01368515556857835
 0.3765710494847751
 -0.09224329333581338
 0.02523121185399666
 0.02714518982158132
 -2.73102791473325
 -0.01665089988515245
 -0.3740309997616422
 0.2318981314396321
 -0.1058331573076841
 -0.02029595080256355
 -0.1741388536092338
 -0.3458032633329909
 2.773580317594028
 0.01334515079224241
 -0.00936233737717523
 0.00648359808743682
 0.1945508941779134
 0.1123033760356303
 0.1965383262057799
 0.02815995187773133
 0.0244034931710197
 0.01238283223321733
 -0.1333696083807307
 -0.01981747579454005
 -0.3653962192914674
 -0.2027383279836925
 -0.006286741330620863
 -0.1561777247541007
 -0.01603088977915307
 3.080280820242926
 -0.08490403688186272
 -0.04575911012927769
 -0.2117785648191507
 -0.01105459252069904
 0.1420880037808157
 0.00624416154996021
 -0.1510446911839628
 0.1212823295762217
 -0.01931583605602505
 0.2415577322442977
 -0.05126294237149133
 0.0028696360785795
 -0.3418366539134461
 0.1930413677101614
 -3.23377753807949
 -0.0005607874183229263
 0.3521097360338344
 -0.05802022929413963
 3.107361256987152
 0.02000182857308035
 -0.07232910357276924
 -0.1834629496453676
 0.01402264388361476
 -0.03624230204244432
 0.005088088013103382
 0.1259554545169518
 0.05641294744902361
 0.2484041299347876
 0.3613434527497039
 0.008985085622268555
 -0.07486581086421722
 0.1310517542830965
 -0.01990007727670177
 -0.01238822425091156
 0.02720141414704998
 0.03821102362747146
 0.06158249650136152
 -0.3702423223297084
 0.06558303482123946
 -0.1522447470522738
 0.03381729037693112
 0.06249238839598335
 -0.05867991834418853
 -0.03605744554030482
 0.1121272379072552
 -0.080710626397481
 0.0168550140344025
 -0.1181842820151815
 -0.2412718974205237
 0.06588802793409296
 -0.143655289089288
 0.01107996046144966
 -0.2692180165148447
 0.009583335119514511
 0.1124320221275202
 0.02015970930322098
 0.03009155711861354
 -0.3516977104833588
 -0.03576066514968941
 -0.02597669023589004
 0.005325700579118571
 2.773000581686782
 0.1288613059701732
 -0.266618930055791
 -0.1261707852042588
 0.02035057328008975
 -0.1032831644665457
 -2.742932775067128
 0.08259835170422856
 -0.01362288854691533
 0.3766086313047973
 -0.09208303209181913
 0.02496843963119252
 0.02730018275964265
 -2.725520811247557
 -0.01781436145757458
 -0.3740830215862339
 0.2319786202173639
 -0.1062093032257404
 -0.02023439809375476
 -0.1738309223423545
 -0.3458696511305202
 2.768010743493471
 0.0130876915528128
 -0.009299608379629419
 0.00688542315050675
 0.1941830896315215
 0.1126646956311254
 0.1961711784174575
 0.02927074877179382
 0.03813873292111844
 -6.681250311066789
 -0.09661148089032276
 6.67283303648594
 0.2924289806026064
 -0.1967005795078351
 0.1328159254831556
 -0.2038839159029892
 -0.921181803106002
 -0.06045036570741841
 -0.6671431340540683
 -0.0005549006216968321
 0.1556864604287184
 0.03401895560034896
 -0.0255645952347255
 0.03932536101021602
 -0.08748690051678316
 -0.01839953536820452
 6.672987594788642
 0.2346315943848718
 -0.1349078113321092
 0.08582959242653225
 0.2998497611664498
 -0.01927701946558357
 0.02021839751943649
 0.1348974876083618
 -0.3048749613790368
 -0.107744052602179
 -0.05223932563928769
 -0.06720999672028043
 -0.2285930645377257
 0.02143037844944989
 0.04184028511183825
 -0.02963524779999699
 -0.06956907834076104
 0.08116394013920088
 0.2210183704782168
 -0.1551097314076542
 -0.3111511130988244
 -0.06978972524805492
 -0.05675323984155696
 -0.01391282759179608
 0.07313602586868785
 0.1306011623615911
 -0.06552624779636919
 0.2801485367164206
 0.05060153254660497
 0.3082407029279182
 0.05133208237571579
 -0.08778813516222157
 -0.009668074658039373
 -0.02341442960195962
 -0.1264158466305183
 0.00573367513544423
 0.0393262581901074
 -0.1777627895027426
 -0.02474226146195804
 -0.3983227429263453
 0.03964241999553104
 -0.1116819302644514
 0.03468313847876317
 0.05786173639487539
 0.1510238771562597
 -0.02898044271140241
 0.07671138460516873
 -0.0175454925832927
 -0.01440297071127252
 3.221921896147669
 0.006103607357398969
 0.3678709064250745
 -0.05524914728384946
 -0.01200837666449732
 0.06134018685579251
 3.222262633503179
 -0.01598784896241353
 -0.02077865153531403
 -0.05795385403047987
 -0.04705601816390783
 -0.09102764631274629
 0.02117891846992785
 0.1173080372672104
 -0.1314024842336755
 -0.0125013333647694
 -0.04365347670120944
 -0.02086838680160022
 -0.01929114968606993
 -0.1329756091293218
 -0.185928643412825
 0.168763175154325
 0.01206075526637177
 -0.009478174817112089
 3.229758238775517
 -0.01985076857865909
 -0.02894565976386128
 0.02714372284354736
 0.004338701574425879
 -0.0146684469658368
 -0.1791826430156872
 -0.01156973839879403
 -0.01542903262879868
 0.004976123823904268
 0.1012313549164036
 -3.809742176818021
 -0.07137695615820974
 -0.4165094033637082
 2.850358912351652
 -0.002345162472098112
 0.4299691828583767
 0.2823710583340182
 0.008505288119287134
 0.3312415496605176
 -0.06344939035016316
 0.2582280464887668
 0.01359107095679205
 -3.496581983346101
 0.02652623259632376
 0.03003192991303856
 0.2552296999764285
 -0.0709791226432895
 -0.3639804838058658
 0.03351445579673636
 -0.004455761906225642
 -0.3874797241754005
 0.3390016931589468
 -0.08522073013238454
 0.001599096550293215
 0.4369998030053906
 0.04117340431707369
 0.03126276022944307
 -0.0005084735993998747
 0.3722719102313674
 3.511592145951209
 0.03239966494499188
 0.02694742043779587
 0.08131418999764205
 -0.01558556461772154
 -0.3681140012427001
 -0.216638586539168
 -0.05372981304128938
 -0.009149942803148304
 -0.06496888555075563
 0.2637743572454783
 -0.01948683668856397
 -0.006295566435552981
 0.005139184342194379
 -0.005309043630810413
 0.08796702812592894
 0.06452602409905031
 0.09103176304055637
 0.02900026259233322
 0.02540593065512976
 -0.02043601128353383
 -0.08449051260467649
 0.02941701887330235
 0.0529280873763999
 -0.03667214012088159
 0.02604171423827924
 1.827713999519389
 0.1492226317940505
 0.3294410208885326
 0.1680723426296294
 0.02108287030089525
 -0.5795560492324967
 -0.006472887884842228
 0.1072559728905633
 0.003681085440384166
 -0.005264952633466361
 0.1158142019456238
 0.02973198850726571
 -1.839758166004442
 -0.04366077648175554
 0.02923836336612033
 0.07448124601832209
 0.1495841455828163
 -0.4167530695289858
 0.02987932262515976
 -0.05928835541381433
 -0.04865081018392842
 0.3478889403180117
 -0.1212714995495495
 -0.3201854834311245
 -0.1163887132752321
 0.00825813121502946
 -0.00256581530010282
 -0.007345844830732292
 -0.001405445318327798
 0.312193580829965
 0.6018323064955872
 -0.4789371592379096
 -0.1263341556114029
 0.1219544231582964
 0.1237391528433439
 0.01219860887243778
 0.02197788172828927
 -0.1179714691775639
 0.01971075599953054
 -0.1204765293467356
 0.4755846257182568
 -0.1180072494425124
 -0.006015157557638272
 0.06110518666112971
 0.009561916062947835
 -0.1527156048903821
 0.001932172717027651
 0.1036562472853903
 -0.07363020944104644
 0.01197955945835176
 -0.1316546571099534
 0.2650359048627373
 -0.0713225684108718
 0.3188921636033148
 0.03296618016197763
 -0.3565212885690582
 0.005621447704895541
 0.1525302076125746
 0.02115724836957904
 0.03704597274081935
 0.1229493847094301
 0.00249908880001132
 0.2070629685901391
 -0.02908727623068975
 0.02939012342018033
 0.1344951882471053
 0.2451042605093147
 -0.07169283371605376
 0.01757292208113826
 -0.1102756244854052
 -0.04634116718390485
 -0.04088524486416955
 -0.02405833856803542
 -0.009278710335313451
 -0.166437865245753
 0.02829449345875294
 0.007679456514967213
 0.0221025825329405
 -0.04555747057648526
 -0.002341184915820561
 0.4010345561004295
 3.801277874902016
 -0.03659678303184728
 0.02178647962666448
 0.1345795263803682
 0.0008593212011178181
 0.006014018145616147
 -0.01586661778430719
 0.03579580676482966
 -0.01695943195323623
 -3.801681915328998
 -0.01242587855374488
 0.03556702175785265
 0.0370397217775096
 -0.05629651513064198
 3.609433906026753
 0.04463288738229008
 0.3954238902470047
 -3.115314587410105
 -0.01113953800084603
 -0.4279704178686365
 -0.334330003218868
 -0.04023298140809375
 -0.340242675677876
 0.1221132122010177
 -0.2952197782949769
 -0.03308737517502074
 3.780153426018737
 -0.0194557004733475
 -0.04182482824968771
 -0.2790576235276973
 0.04514969643179323
 0.3950530639154833
 -0.06095142772585248
 0.02073143582498223
 0.4195779849557481
 -0.1921906176436829
 -0.1164887059696186
 -0.006170797998877028
 -0.4211050883615732
 -0.0802560309294834
 -0.01366982303812304
 -0.005838057747701711
 -0.4365592463521925
 -3.815717349640181
 -0.01337701184663887
 -0.01348620012592986
 -0.02744534537563002
 0.01224970362397441
 0.416348442068783
 0.2688780582156282
 0.0907889583898592
 -0.01788247667860755
 0.05051286764139089
 -0.2684581930342033
 -0.0015767394134781
 -0.01668586476631416
 0.002036225843322447
 0.03019803649546129
 -0.06896176660035726
 -0.1025509692183789
 -0.06459418387936895
 -0.04322972661246564
 -0.04906840980282812
 -0.008517110335530107
 -0.11693114497456
 -0.009764015718368498
 -0.05351872944193969
 -0.07385754093590571
 -0.04038831416163451
 -0.2794270597880452
 0.04979914950306666
 0.1037066074093381
 -0.005693911325614606
 5.601105971955537
 -0.1312105848948704
 -0.04702825765792591
 0.06053356483282944
 -0.02351920121022859
 -0.0202723573924895
 0.2164649170509312
 -0.009494251743412502
 0.3374207491124749
 -0.1171933077331063
 -0.04264245979384676
 -0.03365355371419472
 0.3230251991697148
 -0.2019567452401986
 -0.03352668147800895
 0.04055019455656144
 -0.124955458901223
 0.1190690215592485
 -0.166659357542555
 0.09459197574123247
 -0.1237042357629892
 -0.01267766436117524
 -0.1152803438256904
 -0.00606101962347361
 -0.01040264156170138
 -0.1067465909662795
 -4.225586013354053
 -0.330793818843947
 -0.1772176946991319
 0.02020066081441792
 0.2238115001680564
 -0.04010972812653459
 -0.04625239048537948
 -0.1597194078180646
 -0.01905902171790608
 -0.03564185850404783
 0.3240272165408825
 -0.03295687060646585
 -0.02104203698734725
 0.007121955076185307
 0.03028145121351672
 -0.1209622770188395
 -0.04352455475646662
 2.730191651562149
 -0.04046299630502649
 -0.02887084005767424
 0.07466505976663722
 -0.2707150714734387
 0.04647825880199315
 -0.2641330658545277
 0.02067921136333541
 -0.06526522914376594
 -0.03987184429450928
 0.108725334662003
 -0.02728711885590992
 -0.02144784794769525
 0.05350172239207149
 -0.04307427883219937
 -0.06414947886249023
 -0.0491399476288597
 -0.06176972262288555
 2.753558942708123
 0.1316638908296193
 -0.1865450042128558
 -0.02471210939569245
 -2.755757852363428
 0.003540076847444727
 0.07009918739974136
 0.01525899661295649
 0.1145572300228734
 -0.1664464811966225
 -0.02169968669960511
 -0.02022569768929387
 0.04329388172751835
 -0.008010530232455709
 -0.1314215942406291
 0.05457382061450543
 0.1469160795356023
 0.005018361022351686
 -0.02782063052259797
 0.06244892304732698
 -0.07617762151942428
 -0.03326822222779308
 0.02195294791006494
 -0.01160222772391827
 0.01016761340494193
 -0.1571501124127806
 0.01395376473291946
 -0.02264310136557943
 0.009569319378451237
 0.04431672231706502
 -0.1439999724760154
 -0.0485547367649393
 -0.1549211840696237
 0.2311494076750714
 -0.02315243607666553
 -0.4127044498840456
 0.1439476927416408
 -0.05015527551682668
 0.08624995140160373
 0.06102955230938983
 -0.2296281907238105
 -0.02766833281629755
 0.2088127383396784
 -0.009695248697625313
 -0.004793644643796596
 -0.1701456162826169
 -0.04791473415158286
 0.4234132507962786
 -0.04985400325114474
 -0.006753833016658226
 -0.1187917992496238
 0.01784020132821592
 -0.1334498706145882
 -0.01698652786757766
 0.1460734844460756
 -0.02345489767514089
 -0.01530582860084996
 0.03078508126436433
 -3.320750797216394
 -0.2586908613014967
 -0.001689806307602552
 -0.0192444398382038
 0.01531047933478767
 -0.02098739980383298
 3.304263825475457
 0.1871956479879585
 -0.0421476611414013
 0.01564639651917854
 -0.000232817071436343
 -0.1572895246684534
 -0.02610228089544951
 -0.02970744680127347
 0.04068323222123403
 -0.007556217340364544
 -0.009703464625109374
 0.03652572069720962
 -0.004343318552021177
 -0.00652921456994791
 0.01129192621210276
 -0.1096043450848165
 -0.2124708908434058
 0.1516186664060478
 0.2459712438065592
 -0.03789525257977298
 -0.005475644158503836
 0.09768508918945487
 0.2310695443467841
 -0.06560988148781075
 -6.21031258593752
 0.02429636637262863
 0.02857918123006725
 -0.03366747462022172
 0.1208936286801559
 0.00396369645051345
 -0.009093343143948416
 -0.07752143362005134
 0.1523177718016754
 -0.1846220259839201
 0.05543663014384696
 0.0567156962057485
 0.2862164788756698
 0.1033009722884702
 -0.04218759809491598
 0.009289844147656753
 -0.24011127136167
 -0.01137513104211428
 -0.03465254071202054
 0.009137624804092295
 0.05350751480642643
 -0.06726375250113407
 0.0204801968933526
 0.1549878962051604
 0.1059660906255015
 0.02364999228429857
 -0.05238004417437971
 -0.01961526718330442
 -0.3076011739408572
 -0.002056040129248781
 0.1477788856012625
 -0.06656067323293313
 -0.001306897093495997
 -0.02238078879954857
 0.01647353531266233
 -8.591639972655463
 -0.1163433348822436
 0.3170529779975567
 -0.1115432401951256
 -0.01045687654641218
 -8.452834614239878
 -0.0219120708161764
 -0.09255798314788874
 0.06454265067651845
 0.06821465071400934
 0.1356423602961251
 0.09698332602541551
 -0.0902654826295944
 -0.1674464353799158
 0.08958440324485571
 -0.2171476740934019
 -0.01462720963744388
 -0.2074880948329308
 0.07853429845303143
 0.1311871913321694
 0.09880261282694826
 0.03484921987764051
 -0.3193357921372318
 0.06473857726238451
 -5.906251915571136
 0.1156876995048543
 0.075531235141723
 0.08906723032318564
 -0.1076436806233834
 -0.120167924133195
 0.106592158822854
 -0.0487518521972738
 0.08340541328412003
 0.1066317463832979
 -0.02901456163502425
 0.3124978360848346
 -0.04491388468231651
 0.1082407860963678
 0.2306882002868565
 0.1404814319338792
 -0.00366648081703188
 -0.3036738432467139
 0.3546415019551888
 -0.1274439757740364
 -0.0347264978281416
 -0.01070185589217648
 -0.3109858860437328
 0.0009192513640884078
 0.08433748354827099
 -0.02526320366746227
 0.03782001169462552
 0.04443477943850089
 0.137872487939238
 0.04609245100821092
 0.03430052662330708
 0.007622892880025076
 -0.01432350820775816
 -0.1773928900688181
 0.006265319624034794
 -0.1364418369769167
 -0.1513305525060414
 -0.02900592763525404
 0.1260465713173802
 0.1908128245693841
 -0.09756104416904661
 0.1380651888403241
 0.04587464836024837
 0.233092531057382
 -0.03113115192339107
 0.135103535178011
 -0.01514555324432376
 -0.03524560470202998
 0.3293248953750675
 0.006882897183013905
 0.05155245659291393
 -0.03354167076673106
 -2.76665730944567
 -0.1000329029193013
 0.4149662838875758
 -0.07520480327046436
 -0.0235968240715662
 0.1225569889900013
 2.714205748926124
 -0.06496835162493225
 0.007314693995055526
 -0.442003564685777
 -0.1759081023387009
 -0.008004172911452122
 -0.01136455224067765
 2.789652706397018
 0.007931979287875961
 0.4235279679430599
 -0.1781911078138922
 0.1442950085164099
 -0.006761891825335565
 0.1551048866848886
 0.3426413009785843
 -2.798960540467998
 -0.03472424233547091
 0.0165148205362057
 0.0197014167503213
 -0.1707508544343391
 -0.1516141374402591
 -0.1653131704272637
 -0.03685981592433309
 0.04258299808216486
 0.1797284599369315
 -0.0249342384921395
 -0.182158011782496
 -0.4129390004538278
 -0.03556214202588845
 5.453429187220793
 0.08696106065455528
 0.43623013850834
 -0.1573470423195721
 0.4542410561706526
 0.01494468948873375
 0.2144642393090402
 -0.002375843524841455
 0.03289334024185606
 0.002673065101455773
 -0.04680093855118598
 0.1075351718402213
 -0.1820986223415242
 -0.007531426035751103
 -5.46773927020356
 -0.05569051763863482
 -0.4054238334475882
 0.1515263788473217
 0.1124173540989694
 5.45459729267936
 0.4111314464661853
 0.02766093795112389
 -0.1506543894294639
 0.1053918285081179
 0.6238041336704415
 -0.06136069668283962
 0.004930993196133543
 -0.04176685020969404
 0.04200372796405891
 0.03842375408788242
 -0.6300243217301337
 -0.2025998478904003
 -0.2638209719691254
 0.1030421939760116
 0.04235541732994709
 0.1105725451242479
 -0.05788159552612575
 5.452162777345216
 0.1069280633494094
 0.07014058736978296
 -0.04771081102629142
 0.2592577290745692
 -0.04696876140119429
 -0.04707746838489974
 0.03193353039589533
 0.02258559859793796
 -0.1227071253192939
 0.01041627338924178
 -2.770758258337848
 -0.1867086052259609
 0.02067557260210689
 -0.07030064266927788
 0.2121362648773086
 -0.08263895193846252
 0.252984457149629
 0.0387062771180516
 0.01518961147838887
 0.01859924715313112
 0.1318499794809844
 0.03260639039625451
 0.01144428400439173
 -0.07943922830438004
 0.01088431861836549
 0.09271261385596852
 0.01839753213283795
 0.07948193052606331
 -2.740933760963416
 0.01341401873183009
 -0.01002663440457342
 0.02543545395844733
 2.791546807333146
 -0.04258302046382591
 -0.05688755329800988
 -0.02577159705104012
 -0.185979553148392
 -0.09344509337755262
 0.03898392737846024
 0.0370949564956702
 0.01066861788517728
 0.003711456000409474
 0.1870691296114419
 0.01169940418193297
 -0.09172869321047006
 -0.03627409649425754
 0.01337830697852594
 -0.06922402160752895
 0.05650069977953148
 0.01556999341878834
 -0.0189061583756394
 0.04291658053858104
 0.00989133952272454
 0.1012864987372889
 0.01355062491676106
 0.0101935265628718
 0.0984904756677859
 6.004097650043464
 -0.04905854387183737
 -5.976871057653153
 0.1789994483354464
 0.1260623444223204
 0.2779303066240205
 -0.09407630977453027
 -0.4095520268359106
 -0.01441619911967663
 -0.01232633908736719
 -0.03515156144790749
 0.03941443518978524
 0.1054388128500005
 -0.02038281965738138
 0.1075057002779845
 -0.03937639049705706
 0.03637157915478815
 -5.976873368415446
 0.1300129837968836
 -0.2601725420178774
 0.1749478629992957
 0.1849248828496012
 0.08210968318961533
 0.02280743380164847
 0.2780372730152567
 -0.1715604334447287
 -0.1394334304273346
 -0.01160435579186007
 -0.01470492315685177
 -0.2776417109866665
 0.04496522088130125
 0.1083563789283991
 -0.07695184492308611
 -0.148317956737527
 0.07111741020291808
 0.2831792975080532
 -0.04914165940613838
 -0.1808792268215673
 -0.01575436268495031
 -0.06383323569747856
 0.03763005306599244
 0.1785790199536672
 0.2778380411104493
 -0.01401701542471514
 0.5545251075192552
 0.08747670393457196
 0.1869868306437119
 0.08775538358006486
 -0.03953981401115853
 0.02357759721781551
 0.01606653307459438
 -0.1043295839376469
 0.003126168500394916
 0.1463666461444685
 -0.4065872069131599
 0.01338235822777927
 0.4184572037255214
 -0.2354333346395656
 0.0323291242425081
 -0.1211027147355376
 -0.007895611432787112
 0.1923114938675086
 -0.0005188516538308812
 0.03086975412414502
 0.008073807251709123
 -0.006381484225036601
 0.1642974998263975
 0.003403983698320915
 -0.4045890185723716
 0.01281252606446361
 0.02090643429954536
 0.1638998806679292
 0.1667567645544421
 -0.086096966809059
 0.01615566497426663
 -0.1435499863051974
 -0.01387148376106331
 0.04709287724691479
 -0.02935641960584841
 3.092969876007717
 -0.007071880433646772
 0.0120065665001347
 0.03563567361948008
 0.03583164738456882
 0.01489425142509249
 -3.092900263955481
 -0.1340579062078415
 0.1104252161026306
 -0.03509629284822372
 -0.01538319976577019
 0.17067981192815
 0.00402315126240858
 0.01041607532170362
 -0.02560649966669166
 0.04520451520518215
 0.02799209251606329
 -0.1062458460532326
 0.03009480445827892
 -0.00708874152353108
 0.01561578853179051
 0.05206995720352767
 -0.04157403577316719
 -0.05930501588238734
 0.2008962935587971
 -0.1037739035012794
 0.007620309353257197
 0.4732457065591539
 0.448697266948817
 -0.1627230928236589
 0.4680946197921449
 -0.09339494145971002
 -0.04008673444545102
 5.457166768258502
 0.03887371334771365
 5.461524028350074
 -0.2221492364038536
 -0.5335208707987632
 -0.05921563077460641
 -0.5618341884390317
 -0.03552280890389427
 0.01279959268831678
 0.2133638816277502
 -0.5049774601335186
 0.110519533805173
 0.01004409862283354
 -0.2117575696605591
 -0.0319178664788496
 -0.1542404079807536
 0.002742687846925539
 -0.1328429480171775
 -0.05402945374385158
 5.462901893401094
 -5.429189049317868
 -0.007880938628399179
 0.2133229657810314
 0.1246494311589933
 -0.1603737799301302
 0.5313997125638109
 0.0001212407661614689
 -0.06665346610085487
 -0.5304521546565525
 0.002968824190158126
 0.00503505474910988
 0.004455729326034117
 0.05530623110227451
 0.05974699406810612
 -0.536566980636995
 0.06056721978712074
 -0.2223073089013781
 0.02595653409435674
 -0.005453803812894903
 -0.1260789424210679
 0.03126652933878564
 -2.581799628613497
 -0.1778795438271712
 0.01532441002684888
 -0.1147881457229308
 0.1829277901180062
 -0.09528180129671145
 0.2227337285421368
 0.03894592475670237
 0.02182842001459274
 0.01664381782469806
 0.1309720634221707
 0.03082251021980581
 0.01608288710300742
 -0.09366194741225936
 0.03173024998662163
 0.1282813256811655
 0.01098237742507474
 0.07790983155860597
 -2.551329085834092
 -0.001888862059894418
 -0.005383251342784497
 0.02011548217679529
 2.600856023923507
 -0.05043333199361059
 -0.06919181392776187
 -0.01340725250210678
 -0.235401388484319
 -0.1017072528183849
 0.03726007395144558
 0.02667997894992701
 0.002461066624158409
 -0.006840955570350077
 0.2348732072652132
 0.0001807029659728599
 -0.1559201979462882
 -0.02408598170367895
 -0.00786492085694181
 -0.08340785027394788
 0.05588881572278657
 0.01019637188799529
 -0.006426509624282982
 0.03518824734368794
 0.02520403158999924
 0.1640041717262383
 0.02892833344501764
 0.01484370912515542
 0.02645066945187275
 -0.1062421173174853
 -0.2493646138130497
 0.05523400568819617
 -0.2171084282116988
 0.05119789439409288
 -0.02324835292756532
 -0.146218547118528
 0.5000347796094854
 -0.1300984635863377
 0.4825928833126137
 0.131155783095071
 -0.4425920490109073
 -0.07805320076795827
 -0.08751587189470304
 -0.07050339123117255
 -0.09069158493540175
 -0.2326074196912511
 0.05549447755570902
 0.2153106029837375
 -0.132577646091701
 -0.248796562424344
 -0.1972152553700283
 -0.1092024189986578
 -0.001905625327804929
 -0.02054569871791262
 0.1930608249564347
 0.1365003429647113
 -0.1156760771634524
 -0.07831177374630989
 0.1774979095100306
 -0.01261267454111372
 -0.06727605966538293
 -0.07620705415660037
 0.1519029662670749
 0.03559598775682404
 -0.1987366856428968
 0.3852522744518709
 -0.02537654069876159
 -0.08534677917378891
 -6.830014498737284
 -0.2248815422840351
 -0.2470062433401214
 -0.02600441659377095
 -0.07371171218368043
 -0.07230224244124754
 6.778940968495617
 0.009047858388216033
 6.780825275467815
 -0.09150830644448203
 0.02120520120100048
 0.02082006759940955
 -0.1061590616341183
 -0.00249874105947716
 0.1518385559020279
 -0.3931601692863433
 0.01319537384203142
 0.4158693786618556
 -0.2468610551170338
 0.03580209818353625
 -0.1298974177040765
 -0.008454760704209741
 0.1948022037573079
 -0.002539267008345797
 0.03042223018664165
 0.006069840877594778
 -0.006673415086688087
 0.1720756635305608
 -0.002219481791846961
 -0.4042051688403001
 0.01146910679297966
 0.01987930178879509
 0.16955313585675
 0.1793562431231585
 -0.09071846552558532
 0.0159845759283606
 -0.1492877793760426
 -0.01297657053576199
 0.0506715873306564
 -0.03098269771660007
 3.051654473562241
 -0.008009623630497403
 0.01000696733620697
 0.0362266576582956
 0.03566485908166083
 0.01466876432620148
 -3.051709253996422
 -0.1372169101038319
 0.1140195738060696
 -0.03679134094527235
 -0.01275382312394972
 0.1784897335378799
 0.003226594088994503
 0.01021265300219443
 -0.02718774349265119
 0.04772924996697418
 0.0249024049317078
 -0.1099913194448058
 0.02701876782825422
 -0.007384072574518877
 -0.08807573052061338
 -0.07277785733180958
 -0.1334870522608156
 0.02433495247710852
 0.5069292260752981
 -0.1299452815750632
 -0.0319650232751444
 0.3389697884032473
 0.1250706474230666
 6.43060749504779
 0.01952038593272396
 0.06009414056646289
 0.3264640854134209
 -0.06622884446673415
 -0.0672182148531795
 -0.05863162514474302
 -0.03480625078536045
 -0.2658184933483614
 0.02444508753722328
 -0.396929270407996
 -0.1010800513912308
 -0.08974553479925135
 0.5080760865166208
 -0.2311526232589364
 -6.514484727546312
 -0.02979354926373098
 -0.5473191839471641
 -0.0373356649817454
 6.433819274651979
 -0.002217439322856174
 0.08786162703034986
 -0.03542292115851295
 -0.05525437408197475
 -0.07780341119429939
 -0.008722274408935887
 -0.02861710841591787
 -0.1119311777514518
 -0.4652004021960033
 -0.5077110179033075
 -0.004567691034126946
 0.07435158498815767
 -0.2619810990917089
 -0.0921735840186591
 -0.03420251442195338
 -0.0006767443422337436
 0.06947845300014763
 -0.1249645227249234
 0.4845632351291953
 -0.1243803101650799
 -0.03513038057285195
 -0.009891180693627016
 -0.02488910149946216
 -0.1269196423061633
 0.00750556443974571
 0.03919150474520478
 -0.176654727659457
 -0.02421907284117157
 -0.3979821824039821
 0.04057353639903687
 -0.1132065907586394
 0.03538934545736906
 0.05748203660964826
 0.1499766205000468
 -0.02879525970652921
 0.07640471117901376
 -0.01735955676305402
 -0.01409001565804032
 3.212444312713263
 0.007875657253910347
 0.3675421613706035
 -0.05507918665617298
 -0.01152785719853676
 0.06128283259902869
 3.212390478027999
 -0.01421265439039499
 -0.02025337057930886
 -0.05770246940836225
 -0.04709496455625664
 -0.09253577035062169
 0.02095901346146255
 0.1190273622816077
 -0.1306800383067298
 -0.01231366237157342
 -0.04312759417748809
 -0.02070493896747065
 -0.0193126218683413
 -0.1346195906058414
 -0.1845707884723791
 0.1709586640229893
 0.01182864044212027
 -0.008658788217110924
 3.220287306114932
 -0.01951864885752119
 -0.02842520390530884
 0.02693182707524655
 0.003617845283475907
 -0.0152100853405597
 -0.181300896364441
 -0.01210444912169817
 -0.01511723970258237
 0.08963851904887042
 -0.0498882685975448
 -0.4000120350950297
 0.07481824130582762
 -0.1675647810655148
 0.003976737476766777
 0.04472114847053077
 -0.0671771423769817
 0.1250270187498954
 -0.07621602779996729
 0.07172696063584086
 0.2290262942785951
 -0.183630851436885
 -0.0307738333077225
 -0.01220595946761548
 -0.01129484916028572
 0.0256217856327275
 -0.1750240065662524
 0.0754472453928289
 0.1445827207113807
 0.001388242743713477
 -0.1807252729873956
 -0.120078590648563
 -0.04265610464950575
 -0.06637564699491837
 0.05177446772225792
 0.176074424768991
 0.204008084292004
 -0.03929384089250042
 -0.06954497321589062
 0.1845293041942969
 0.03819490448388205
 -0.002433771743285035
 0.1018206272749827
 0.284874762849358
 -0.0219842860252834
 -0.1918301284713983
 0.1302951710682121
 -0.02176765318647609
 -0.08432096461537532
 3.867915151240352
 -0.1592472982299386
 -0.2191057421275851
 0.0371485840472628
 -0.05988425160957447
 -0.1015492260098367
 -3.852890322809138
 0.03015413284869807
 -3.84750889851626
 0.02391382257096124
 0.01906489031864716
 0.004963566394714578
 -0.0723362592915846
 -0.01124202911926054
 -0.2473934076010718
 -0.0192678119269368
 -0.04607992447315547
 -0.4982846484807983
 -0.3986977873584641
 0.1076529244946428
 -0.4907647574282001
 -0.04201307516242461
 -0.1523124312030557
 5.382691755667492
 -0.008863811311100037
 5.386570477133769
 -0.07692634193191997
 0.5102633404424136
 -0.0111667978878202
 0.4723674247954538
 0.01170958792601411
 -0.05175751436687032
 -0.2379096641422602
 0.501253149987219
 -0.1493410953058508
 -0.04407704766119408
 0.2397993298862585
 0.01831394921328679
 0.1136754566160835
 -0.003095922659873732
 0.1461313906557351
 -0.007907662070865712
 5.387749230120359
 -5.36943223923733
 0.04827193537928547
 0.06756298931327645
 -0.1512404078685089
 -0.0450506113114103
 -0.486491953385108
 -0.005712956265960427
 0.04289759890599722
 0.5123669336665153
 -0.06115169038777245
 -0.04819419310721249
 -0.001386874855406932
 -0.06429981306939965
 -0.04980035236312679
 0.4825260483471662
 -0.04911696067465381
 -0.07712716219520013
 0.01480859152537641
 0.0384626553985094
 -0.1087648230788507
 -0.01320490145343332
 0.3426222096498449
 -0.02759796323801753
 -0.009330262996304284
 0.1561763452343251
 -0.03894879595105622
 -3.03309521472875
 0.0744558029146395
 0.1063765268829388
 0.1756263238497904
 -0.01269057778701685
 0.1020939895802759
 -0.003233611456609868
 0.1487673569979412
 -0.1447782555696644
 -0.01278660213571382
 -0.2093095094843864
 0.02496792074039668
 0.01523045652419323
 0.3723568517494768
 -0.04537891515416506
 2.95137014585629
 -0.006083473767214671
 -0.3346874417475637
 0.01586174968833851
 -3.010534776118948
 -0.03210158172696945
 0.002872542338344004
 -0.08234629495895593
 0.001025687652071428
 0.05267402953898228
 0.04635393799853069
 -0.1393519469739884
 -0.003193163835434236
 -0.1999301063079809
 -0.3255347789149651
 -0.04190336061414961
 0.06002349327036295
 -0.1353195538914465
 0.0005272005455096303
 -0.01278658315106332
 -0.02569242185815952
 -0.01112679777955407
 -0.04252739483581996
 0.3333482748102682
 -0.03906119762002583
 0.1475183881448098
 -0.2210033565145242
 -0.01975191751173884
 -0.1017079745356761
 -0.01559111116522168
 0.01877130064915643
 -0.06623556632103082
 -0.06408989777927095
 0.7186910147195905
 0.2767843687843378
 -0.1422701086311974
 0.1883658445505195
 0.3561409355468615
 -0.803180198793079
 0.01370106013517201
 0.04242692054738129
 0.02148445827988479
 0.03756682998051718
 -0.3210602035737202
 -0.01541412601716806
 -0.7585524184110822
 -0.06070098082151199
 -0.06014896458035077
 0.03789239156324777
 -0.1907190845447568
 0.03844177118384177
 -0.06153346085866725
 -0.04025493646681983
 -0.01281003495799831
 -0.1297448659921805
 6.647030058585822
 0.2322987986852025
 -0.1163480429256993
 0.02483147347177166
 -0.1276669696918605
 -0.009625279373797162
 -0.08184559947469031
 -0.2483595304113258
 0.6295737940317732
 0.2607521401007194
 6.643066100668261
 0.02014843841197931
 -0.3143351679803021
 -0.05734968199499965
 -0.06664302322191734
 6.649610537337288
 -0.08533801314345497
 -0.06153080191611816
 -0.2728580503901184
 -0.05977807110477627
 0.03695047111011959
 0.0093700526703848
 0.04347940502048537
 -0.1193442574462878
 -0.053114033094916
 2.636211659882425
 -0.04527172863802145
 -0.02579769229639981
 0.09408907944769705
 -0.260825782127756
 0.05136085941479722
 -0.2533383885762716
 0.02095992423492259
 -0.07145979558308899
 -0.03937589403481151
 0.1097458843359433
 -0.02683774539526158
 -0.02410099398109941
 0.05848872434104625
 -0.05265999234809881
 -0.07953302706649569
 -0.04593817230331319
 -0.0613874249137178
 2.65932096293468
 0.1374759808704656
 -0.1878290449492886
 -0.02164111319771868
 -2.660920904484104
 0.007769334706697047
 0.0748865703376573
 0.008919113997646062
 0.1355702561945767
 -0.162959679710299
 -0.02126271907754343
 -0.01462210977470326
 0.04784630094333467
 -0.002476269383115879
 -0.151652121550391
 0.06323236149247947
 0.1802963306916739
 -0.001271304167094196
 -0.0180867049295952
 0.06743739445056982
 -0.07632112272530571
 -0.03019855596858881
 0.01558019708689735
 -0.007978224639351357
 0.003383100800497443
 -0.189798172033173
 0.00715056596692653
 -0.02530613324144913
 0.04586316228066488
 0.07934888199783981
 -0.1157711271229282
 -0.04353080989638771
 -0.06086002849746566
 -0.05155329493779937
 0.01250618382415033
 0.3887355327756111
 -0.1012367152786883
 0.07975764924286094
 -0.05035422935923104
 -0.0006730899425027457
 -0.1931195963127432
 0.009124460236035671
 0.1652582503500226
 0.02426247091778585
 0.01143349736151084
 -3.227881655811307
 -0.042984323392038
 -0.3287953322347582
 0.02602432008256345
 0.02885608419444823
 -0.02961294298872728
 -3.056911580676913
 -0.1858084876041651
 0.01745423867908106
 0.07437494786145472
 0.007309102903176595
 0.1084469239210428
 -0.02773105583447403
 -0.1917853633167483
 -0.1314768684388581
 0.03117114957315679
 0.05699468858872504
 0.073740526885373
 0.006746487208844678
 0.191403333308817
 0.2449660112728352
 -0.1287825591899437
 -0.03932452193601763
 -0.007306738126807742
 -3.216545631184256
 -0.0004503837976408584
 0.007215017603626056
 -0.02015710717389682
 0.02427793806932466
 0.03579823313821867
 0.1383039659733449
 0.04012317492987721
 0.01002074512159303
 13.3949506586309
 14.5541789134342
 3.165743630714339
 -0.3495382351356601
 -3.202038500718361
 16.86521488684839
 4.392717713992167
 -0.9521763435086551
 9.796278428092538
 -6.705703003203401
 -5.323769197763211
 9.626348545252769
 -1.017183883572229
 3.101592857693084
 5.318739371676968
 1.14217503710518
 0.02923617142963466
 -22.76731138894348
 -0.1163604204945967
 -0.04295353438263581
 -0.06058569647818988
 -0.06114312703446146
 0.1093549714049207
 -0.04470209011033163
 -0.002411646439645891
 -0.08497673794242171
 -0.03040655938538972
 0.03447215542144247
 0.063078783959142
 0.03704312106421128
 -3.392164098658155e-06
 0.0859218446221333
 0.2197191188732322
 0.1377007734339156
 -0.2229135388963485
 0.2660035020061097
 -0.08224968744003201
 0.1549863259273688
 0.06000878999774933
 0.1785927411234864
 0.05323735460667542
 -0.09333343309443476
 -12.76707307016091
 0.02325267352970525
 0.06243387987810899
 0.2116949151498478
 0.03818600119287176
 0.3430322130049899
 0.2870336893530185
 -0.1396299413387792
 -0.1369070924056927
 -0.4203518176982311
 -0.3282884428079949
 0.1933215614057712
 0.1820984026225846
 -11.1196664999222
 0.08293840640198856
 0.07313141141682319
 -0.08685245420143509
 0.0521220084670152
 0.02668977955048967
 0.1911371031427921
 -0.195536874835557
 0.1335582754734655
 0.07560239010590518
 0.06723093347034287
 -0.05059671477216494
 -0.1928597706062802
 -0.02409418685869104
 0.02101072256739901
 0.1144156193462114
 0.1514760634430813
 0.03793634089597602
 0.09421459373056164
 12.66505221325843
 0.05558865287666555
 -0.1359192814201946
 0.1268584051616775
 0.09258074210739126
 0.03188887281431801
 0.1636169594281958
 0.07231790093198998
 -0.1104584924796418
 0.1275263223897747
 -0.02126892449892426
 0.08959294302646099
 0.1063552938597088
 0.1133754652623579
 0.01688025359527928
 0.1298944107182546
 0.05025042630078279
 0.02314918718965373
 0.2100018737228126
 0.1400807317299997
 0.02825652731434342
 -11.14822008477406
 0.6018445990640897
 0.09932725124047923
 -0.2485184322385537
 -1.847512623713927
 -0.2737607116067239
 0.3058384173471219
 0.2689961723137456
 7.596932581926702
 0.07253661055313453
 0.004219967875053799
 -0.09374554917091912
 0.1285987212179944
 0.1575445104426351
 0.3104358283677516
 0.03787427151555664
 -0.1077824445567252
 0.128477766142033
 0.1648881865525092
 -0.1289802386475817
 0.03715843709862982
 -0.1712651951108908
 0.1118541912069573
 0.07019339550831197
 0.0856299605925973
 0.02935348189186299
 0.02090780305321376
 -0.020030948442767
 -10.30462814515349
 -0.01738445380183578
 0.08729758934265015
 0.01973577426856899
 0.1197662272930357
 0.6086634626583443
 -10.78779399850436
 -0.03686952019278173
 0.8886529145853262
 -0.09399646545309158
 -0.4216488957406825
 0.02196077841974451
 0.008974617577784439
 0.00565054381253052
 -0.2810223822046968
 -0.09420663235019919
 -0.0145209200892673
 -0.3662772044861005
 0.06864329522611241
 0.02086445056772878
 0.003009787248210783
 0.03017516166328213
 0.05988545604015328
 -0.1470488829264394
 -0.1736037030265342
 0.04453435465999292
 -0.005770513605282007
 -0.2095587155042945
 0.1757015930473624
 0.09001987433816222
 -0.006360365691844988
 -0.3607765829824543
 0.05184567831938579
 0.8444246175924659
 0.1917525850508289
 10.89007001478292
 0.802555793123192
 0.1576842762943767
 0.01335979455511175
 -0.08521855931764301
 0.007157761063882394
 -0.1480731457097322
 0.07771333390477024
 0.06281148167773534
 0.1346092580449346
 0.0482496133736353
 0.03567548853479924
 -0.05566777205968923
 0.009515344125737252
 -0.02602117494183182
 -12.41715204548322
 -0.06379127307229386
 0.08039104361787383
 -0.1619557735264918
 -0.02522637274623431
 0.04656134464178962
 -0.1538268703737648
 0.119845564206641
 -0.121338993062349
 -0.3471141243459259
 -0.1306903863250721
 -0.02304019928834497
 -0.06921711227163094
 -0.3598813977476258
 -0.02119457845028845
 0.8954133324166191
 -0.08071661048504768
 -10.78387545616679
 0.5777710406958514
 0.1553394398813145
 0.1199395028727344
 -0.10629536907727
 -0.01582242135505418
 22.40306660272632
 0.1256986214136337
 0.1311315811725538
 0.1700099303069997
 0.06897768697138561
 -0.00508029684069268
 -0.003768676681429801
 0.07308311472834761
 -0.08394649358122393
 0.2000927911867331
 0.04351676131122324
 0.1001231267374446
 -0.4808989896909884
 0.02469666383609117
 -0.1429540188879181
 0.4303355245613186
 -10.74296063229295
 0.3222153435906477
 0.1852490376392705
 0.08392786955061303
 0.007356283009742791
 -0.01161366925709807
 0.07218581453212491
 0.01058397694808651
 -0.8630177987076942
 0.05918790171121376
 0.03130485548959472
 0.221558058817046
 0.1086951543852081
 0.1557790526968594
 -0.07780564719375489
 0.02350723854043591
 -0.1984950259127224
 0.007141568158463736
 0.07483387132384649
 0.1230457754466677
 -10.32084102117173
 0.02863218911243224
 -0.02392816823307971
 0.02866665462019073
 -0.003504336558660118
 0.1178945847285328
 -0.01597955512227965
 0.1244682407151428
 0.2558754841549301
 0.2091598539603291
 -0.1811270992374481
 -0.4604639107808813
 0.002797432777467509
 0.08970111495112326
 0.1566494606410607
 -10.57013373774948
 0.0266833280749113
 -0.04432524862324649
 -0.0607800639275067
 -0.001625314334969824
 -0.009639433264691858
 0.2066157600334858
 0.1699529276248616
 0.1088597767542103
 0.103520926239725
 0.1992891274058706
 -0.08300407005826375
 0.02695338106145635
 -0.1251170515329989
 -0.001175939017611718
 0.07407843888378021
 0.1309351951077938
 -10.32581931182415
 0.01599450881154656
 -0.02053413637714928
 0.0232261824154922
 -0.01143667578022383
 0.1129205690674407
 0.05169348894978947
 0.1230356310994038
 -0.04064221991423207
 0.09637501798350551
 -0.09128583251648058
 0.06813276868985514
 -0.06063960574499724
 0.1635514544529515
 0.08108027779731952
 0.08915777733170484
 0.03883060880627605
 12.68396049478857
 0.04430408084847814
 0.04571197892147418
 -0.237914911168508
 0.1397540988706697
 0.05149787284278654
 -0.06221808400229523
 -11.52165039704768
 -0.0583488741410545
 0.07160405297729644
 0.3354206275594092
 -0.05973340818714324
 0.08520227511134199
 0.1157326401498814
 -0.0002755265785176098
 -0.01758448538140335
 0.1149031946981613
 0.02036949557730413
 0.0308098631055285
 0.1043486251999492
 0.002573975890534752
 -0.08771492308940246
 0.07574414878227106
 0.07552630362854955
 0.06767343995636094
 -0.05063544453403168
 -0.192811714743841
 -0.02368191881634656
 0.02088883676444434
 0.1144043685573245
 0.1515628381530781
 0.03786745333681076
 0.09403733611753769
 12.66516344307388
 0.0554988356022393
 -0.1360179226659101
 0.1268800789670801
 0.09307778208843433
 0.03181205400633024
 -0.5938953350375067
 -10.87803932361294
 -0.08421688701980551
 -0.9268526569091891
 -0.02744814990565526
 0.3522635465627619
 0.0725383321916247
 -0.07720051621618654
 -0.02708576651668106
 0.2121800701058381
 0.100017274415636
 0.06484360984561098
 0.4247617507640872
 -0.02187266897032485
 0.01861576305542387
 0.1154540975438139
 0.2902711973749839
 0.4162427002510423
 -0.1908499821144846
 0.1297155227515774
 -0.3636149345207567
 0.1790248951187729
 0.2140348419254275
 0.3081004943185809
 0.0906564743666161
 0.03516251950597732
 -0.09140338428397847
 10.36943668016347
 -0.02669692145728134
 0.3432150416078602
 0.1675226997023091
 0.3844538070142079
 0.2025487317411888
 0.2453655804384859
 -10.06834808936018
 0.03579972988473742
 -0.2222916843528953
 0.1041069025557374
 0.1346328614719177
 0.1790620479696813
 0.05326478579384791
 0.001147783784980384
 -0.06273966957297702
 0.02494023136548058
 -0.03252072605091803
 0.2046740724863811
 0.1448376489867945
 0.2519920587998473
 0.1715529986206161
 0.08962276556400812
 -0.1123892312348356
 0.1256295186367412
 -0.009377972846830005
 0.08494067541656716
 0.1089531774564044
 0.1228511095992612
 0.01683674472219221
 0.1193915299124127
 0.0414477961202964
 0.01834757160667291
 0.1938814937803922
 0.1537867269416164
 0.05911315805829385
 -11.12302126495867
 -10.72115205243101
 0.1778166618531594
 -0.1856933018414789
 -0.1356494678213246
 0.08345239742355118
 -0.009965914001992229
 0.0798377302187509
 0.1837707800230051
 0.02190700840104283
 0.1029023793963493
 -0.01386353375027208
 0.007654516072927388
 0.2218605657947983
 0.08527016448323624
 0.1173318819091844
 0.1025260228283624
 0.1782076334665874
 0.05315951908749111
 -0.181779488163896
 0.06494981787487811
 -0.1227315542381065
 0.150954652811361
 0.1216928949424142
 0.1823318891506759
 0.07667534145121596
 0.02743172016672605
 -0.06062097021656608
 0.1001744795409727
 -0.01190792094271681
 12.76017858017338
 0.02741664327378512
 0.3221352279389048
 0.1265383901625389
 0.1851002139444723
 -0.1305495847309187
 0.03801574958515144
 -0.151006050457546
 0.1091148842078559
 0.07010780845317999
 0.08730078029110211
 0.02717592532364003
 0.01699608932502508
 -0.01894396710615137
 -10.30597470256328
 -0.01878010576650475
 0.08597545334700676
 0.04627003512526547
 0.1193930419701539
 0.1049999441416463
 0.07944566148082131
 -0.1476090584720899
 -0.07470598630245745
 -0.06772942176173789
 0.06475665532402593
 0.03884113181895616
 0.1924950462132601
 0.0731361315423566
 -0.1288599870349722
 -0.1393710447444745
 0.05525904913227892
 -0.269836621552873
 0.1724251347339159
 0.07127207650957175
 11.51486765013329
 0.1573338233288226
 0.1906799374825433
 9.704957541103518
 -0.0114388965939056
 -0.3520434333122046
 0.1100502343838769
 0.09092997192055594
 0.2303372080429726
 0.05878721144290572
 0.03668294903972486
 -0.05822932631327514
 0.08094732674231653
 -0.05501781337035663
 0.220968795153569
 0.01889942393181551
 0.2094617084814926
 0.1520028769910436
 0.04657263628386675
 -0.08843267255615275
 0.009315081546562272
 -0.1179367532851593
 0.06848143754505379
 0.06270872310565338
 0.1403747344987749
 0.04221446055273483
 0.02375154102148542
 -0.05161033853544326
 0.004128522104679329
 -0.03246987096758361
 -12.41505924820305
 -0.02666478607398683
 0.07913176192798686
 0.0943129580923313
 -0.01279784559069293
 -0.04080598319648732
 0.1817059116109944
 -0.06430588124002466
 -12.64823103071989
 -0.06496888345647163
 0.06214994551109926
 -0.01701731425113384
 -0.08710154001344549
 0.01920733780098069
 0.04541267522650262
 0.1313570739857264
 0.04167788807276884
 0.0006929291868016219
 0.07589450849087889
 -0.07154159497250001
 0.07843886249064491
 -0.1291138768050866
 15.95670793855414
 -0.04482680388889889
 -0.04571621952532483
 -0.0531599877035611
 0.2804333624024722
 0.02947438108764447
 0.002874068881738014
 -0.108991799992819
 0.04668934657079406
 -0.01187602365965687
 0.1986847962763677
 0.05501754380391882
 0.02821187116691364
 0.09064861974164762
 0.08713791499829855
 -0.1213203228940637
 0.612336723364137
 -0.2166578092040456
 0.1193108971081348
 0.04563683760653451
 10.82987398495278
 0.0753417393814505
 0.06871868559037385
 -0.04017474255004413
 0.09819602834310349
 -0.07509469673265744
 0.1839164597402655
 0.003845411488328471
 0.3569786295436131
 0.1015767157257276
 0.2196954458907423
 -0.08546020395509964
 0.02886277763946218
 -0.09115265454256628
 -0.004718222979019703
 0.07401252391180389
 0.1346878134097862
 -10.32695248179422
 0.0104739021038687
 -0.0189031140736131
 0.0207839898800789
 -0.01440298452768898
 0.1107382007521965
 0.08097642896476397
 0.1226604589792478
 0.3290619953142441
 0.6439810895000972
 -0.2540335948915937
 0.1387878092320427
 -0.3657312778635209
 0.2716953508424537
 0.2209690358187663
 0.2648464784560126
 10.35872174332283
 -0.0002096887062079713
 -0.09058969799997699
 0.08904702666589287
 -0.02496205982399649
 0.3379654382754061
 0.3332040261427435
 0.3720162662994936
 0.1929653416936972
 0.3175678331359766
 9.784103002870989
 0.1211771027602516
 0.007255471034654036
 0.1275991587777099
 0.09261893040345325
 0.2068242799630759
 0.03331369677511981
 0.01187175513000127
 -0.02688557981008715
 0.0670835688611582
 -0.02173224968785701
 0.1940152576647287
 0.2006349835756087
 0.2089635636417893
 0.3408769924802798
 0.08697289027759041
 -0.1809696187430933
 0.0008216133076200038
 -0.07524672104719086
 0.02579664170453201
 0.09125503460495427
 0.2392928455432839
 0.05184392753755014
 -12.68165788778851
 -0.1507611076425991
 0.03667250489876601
 0.1709676505654623
 0.2014394019033814
 0.06077756036772491
 0.4385047470911477
 0.33360971893664
 0.06315258865802748
 -0.1264763181759036
 -15.90775249225315
 -0.04098501723894004
 0.1965357205166573
 0.1942505233780136
 0.01853330398776576
 0.05776979468164173
 -0.001472949418541921
 0.022013288320607
 0.03186940296606701
 -0.05016585713556254
 0.1079883928312572
 0.03961292701353316
 0.3175819088719459
 0.5819990994537542
 -0.009101969498283126
 -0.0368104076553379
 -0.3447400513711043
 -10.68445431865914
 -0.2967337167138688
 -0.1683919941173371
 0.05442036846814137
 -0.009076104723864577
 -0.01722986438242545
 -0.1471860629104128
 0.01429238893087918
 0.88134396604531
 0.03902057962709002
 0.0267121465802792
 0.028194871221242
 -0.01624688989806768
 0.05818009568638126
 -0.08970811129801598
 0.03452495645513689
 -0.06054968032510594
 -0.0181021057073829
 0.08005848632500275
 0.146653579181262
 0.04309870070302677
 -0.1424890625583219
 -0.1681098155980538
 0.08549565701988894
 15.95039564903972
 0.1160505281248019
 0.06458543173036865
 -0.09444237199785571
 0.09722785797125255
 -0.02386035231034345
 -0.03969188376643204
 0.1814726304744511
 -0.07372521743868722
 -12.64547006478317
 -0.06425716533595825
 0.06033707057501256
 -0.01497711709673453
 -0.08295663083963965
 0.01801408039401675
 0.04705613692468773
 0.1336387321375872
 0.04082537618908556
 -0.00981740595826886
 0.07699709039445807
 0.03653009170059102
 0.03789104475197348
 -0.1493317023411635
 -0.1896631473227474
 -0.06838652589933915
 0.208970332044653
 12.67662833467742
 0.1625538957567958
 0.04823127252663234
 0.009463787335303942
 0.0002647120497354086
 0.02968801073066048
 0.01238553441784682
 0.196408094505525
 0.09280334618733345
 0.1200675348857317
 -11.52252199110258
 -0.05339496903142642
 0.0711489506948601
 0.336345573488939
 -0.05508621443692933
 0.08432981005369558
 0.1154843799651521
 0.0008648956294919235
 -0.0185847329394625
 0.1133241967581819
 0.02150399230586303
 0.03006722422108394
 0.1035289305608209
 0.003023471493853398
 -0.08264390245518488
 0.07548656931409851
 0.1711060056054602
 0.07979154608968718
 -10.09774007261311
 0.003485783799412252
 -0.1888786724576627
 0.08688879129824792
 0.1150446399539151
 0.1804739448843815
 0.06210221290847184
 -3.16301954444923e-05
 -0.07226747107054389
 0.0234225614459983
 -0.05011154354956303
 0.2008777885763476
 0.04522028500367876
 0.2386585145838117
 0.130439425159529
 0.1377612765417871
 -0.1271693025321107
 0.03622341080046325
 -0.1876053382571136
 0.1145674520875212
 0.07009762665711324
 0.08454493886657367
 0.03165043434043132
 0.02517676713041136
 -0.02110524771740109
 -10.3031652118246
 -0.01595149087742658
 0.08860170942827746
 -0.01118614788461131
 0.1200301350724655
 0.09239733498771115
 -0.005496864680023387
 -0.04153239479939597
 0.1818532762071589
 -0.05806560606420354
 -12.6499673501099
 -0.06543074764686256
 0.06334201464769033
 -0.01834981448715143
 -0.08980913275519965
 0.01998972424237195
 0.04433444208664047
 0.1298466746274275
 0.04223767610470637
 0.007606229012623268
 0.07517273098928304
 0.04867245058045305
 0.04559101652915869
 -0.06598120870389083
 0.0294652226463162
 -0.01575117956381121
 0.02636758239860547
 1.742411017633331e-06
 0.008258447710959805
 -0.008470640438668686
 -0.01685472504567255
 -0.1188564037399893
 0.01574011435212169
 -0.02291610284790395
 0.0151861146398806
 -22.80600068520008
 0.1179355964620429
 0.2555141968033713
 0.144980914507151
 -0.126164092424508
 0.2568257961454734
 -0.03525827027724377
 -0.02517422687031344
 -12.50030400831337
 0.162774433406262
 0.04300394107556622
 -0.000385722616903048
 -0.09783586692515617
 0.05139736060895335
 -0.0761240881870352
 0.1390221906795229
 0.02564026620517239
 0.2551975452182442
 0.2779765904237524
 0.08446783548241742
 -0.1655711047029694
 0.01276105782775805
 -0.02167756284736039
 0.1678451862076039
 0.0621241299691231
 0.1530045579320778
 0.04392357369823338
 0.1425908506945694
 0.08170058892432766
 -0.007610977911431166
 -16.01066696017469
 0.1914135554335992
 0.03333458841097739
 0.4398626178361391
 0.2548929509083773
 0.1482244203683027
 -0.126631912788542
 0.2569437813840414
 -0.03208715768709367
 -0.02632577503919761
 -12.50003120814341
 0.1632281612651259
 0.04243591101378427
 -0.001860332071734518
 -0.09754469020387863
 0.05090632323654024
 -0.07700619475964893
 0.1393212149833017
 0.02934947986959623
 0.2546204689690896
 -0.04042075359372611
 0.09515479730784478
 -0.09120953522613638
 0.06813347099842001
 -0.06173490782637433
 0.1640030603442126
 0.08114306693279309
 0.08894927297735741
 0.03905613414820078
 12.6842969661673
 0.04421691608505152
 0.04593491493580974
 -0.2376073986586087
 0.1397198769282931
 0.05018198236444386
 -0.062032059316358


